This is pdfTeX, Version 3.14159265-2.6-1.40.21 (TeX Live 2020/Arch Linux) (preloaded format=pdflatex 2021.3.8)  12 MAY 2021 22:45
entering extended mode
 restricted \write18 enabled.
 %&-line parsing enabled.
**exercices_2nde_fanny.tex
(./exercices_2nde_fanny.tex
LaTeX2e <2020-10-01> patch level 2
L3 programming layer <2020-12-03> xparse <2020-03-03>
(/usr/share/texmf-dist/tex/latex/base/article.cls
Document Class: article 2020/04/10 v1.4m Standard LaTeX document class
(/usr/share/texmf-dist/tex/latex/base/size10.clo
File: size10.clo 2020/04/10 v1.4m Standard LaTeX file (size option)
)
\c@part=\count177
\c@section=\count178
\c@subsection=\count179
\c@subsubsection=\count180
\c@paragraph=\count181
\c@subparagraph=\count182
\c@figure=\count183
\c@table=\count184
\abovecaptionskip=\skip47
\belowcaptionskip=\skip48
\bibindent=\dimen138
)
(/usr/share/texmf-dist/tex/latex/lm/lmodern.sty
Package: lmodern 2009/10/30 v1.6 Latin Modern Fonts
LaTeX Font Info:    Overwriting symbol font `operators' in version `normal'
(Font)                  OT1/cmr/m/n --> OT1/lmr/m/n on input line 22.
LaTeX Font Info:    Overwriting symbol font `letters' in version `normal'
(Font)                  OML/cmm/m/it --> OML/lmm/m/it on input line 23.
LaTeX Font Info:    Overwriting symbol font `symbols' in version `normal'
(Font)                  OMS/cmsy/m/n --> OMS/lmsy/m/n on input line 24.
LaTeX Font Info:    Overwriting symbol font `largesymbols' in version `normal'
(Font)                  OMX/cmex/m/n --> OMX/lmex/m/n on input line 25.
LaTeX Font Info:    Overwriting symbol font `operators' in version `bold'
(Font)                  OT1/cmr/bx/n --> OT1/lmr/bx/n on input line 26.
LaTeX Font Info:    Overwriting symbol font `letters' in version `bold'
(Font)                  OML/cmm/b/it --> OML/lmm/b/it on input line 27.
LaTeX Font Info:    Overwriting symbol font `symbols' in version `bold'
(Font)                  OMS/cmsy/b/n --> OMS/lmsy/b/n on input line 28.
LaTeX Font Info:    Overwriting symbol font `largesymbols' in version `bold'
(Font)                  OMX/cmex/m/n --> OMX/lmex/m/n on input line 29.
LaTeX Font Info:    Overwriting math alphabet `\mathbf' in version `normal'
(Font)                  OT1/cmr/bx/n --> OT1/lmr/bx/n on input line 31.
LaTeX Font Info:    Overwriting math alphabet `\mathsf' in version `normal'
(Font)                  OT1/cmss/m/n --> OT1/lmss/m/n on input line 32.
LaTeX Font Info:    Overwriting math alphabet `\mathit' in version `normal'
(Font)                  OT1/cmr/m/it --> OT1/lmr/m/it on input line 33.
LaTeX Font Info:    Overwriting math alphabet `\mathtt' in version `normal'
(Font)                  OT1/cmtt/m/n --> OT1/lmtt/m/n on input line 34.
LaTeX Font Info:    Overwriting math alphabet `\mathbf' in version `bold'
(Font)                  OT1/cmr/bx/n --> OT1/lmr/bx/n on input line 35.
LaTeX Font Info:    Overwriting math alphabet `\mathsf' in version `bold'
(Font)                  OT1/cmss/bx/n --> OT1/lmss/bx/n on input line 36.
LaTeX Font Info:    Overwriting math alphabet `\mathit' in version `bold'
(Font)                  OT1/cmr/bx/it --> OT1/lmr/bx/it on input line 37.
LaTeX Font Info:    Overwriting math alphabet `\mathtt' in version `bold'
(Font)                  OT1/cmtt/m/n --> OT1/lmtt/m/n on input line 38.
)
(/usr/share/texmf-dist/tex/generic/babel/babel.sty
Package: babel 2020/10/27 3.51 The Babel package

(/usr/share/texmf-dist/tex/generic/babel/babel.def
File: babel.def 2020/10/27 3.51 Babel common definitions
\babel@savecnt=\count185
\U@D=\dimen139
\l@babelnohyphens=\language86

(/usr/share/texmf-dist/tex/generic/babel/txtbabel.def)
\bbl@readstream=\read2
)
\bbl@dirlevel=\count186

(/usr/share/texmf-dist/tex/generic/babel-french/french.ldf
Language: french 2020/10/10 v3.5l French support from the babel system
Package babel Info: \l@acadian = using hyphenrules for french
(babel)             (\language28) on input line 91.
Package babel Info: \l@canadien = using hyphenrules for french
(babel)             (\language28) on input line 92.
\FB@nonchar=\count187
Package babel Info: Making : an active character on input line 430.
Package babel Info: Making ; an active character on input line 431.
Package babel Info: Making ! an active character on input line 432.
Package babel Info: Making ? an active character on input line 433.
\FBguill@level=\count188
\FBold@everypar=\toks15
\FB@Mht=\dimen140
\mc@charclass=\count189
\mc@charfam=\count190
\mc@charslot=\count191
\std@mcc=\count192
\dec@mcc=\count193
\listindentFB=\dimen141
\descindentFB=\dimen142
\labelindentFB=\dimen143
\labelwidthFB=\dimen144
\leftmarginFB=\dimen145
\parindentFFN=\dimen146
\FBfnindent=\dimen147
))
(/usr/share/texmf-dist/tex/latex/carlisle/scalefnt.sty)
(/usr/share/texmf-dist/tex/latex/graphics/keyval.sty
Package: keyval 2014/10/28 v1.15 key=value parser (DPC)
\KV@toks@=\toks16
)
(/usr/share/texmf-dist/tex/latex/base/inputenc.sty
Package: inputenc 2020/08/01 v1.3d Input encoding file
\inpenc@prehook=\toks17
\inpenc@posthook=\toks18

(/usr/share/texmf-dist/tex/latex/ucs/utf8x.def
File: utf8x.def 2004/10/17 UCS: Input encoding UTF-8
))
(/usr/share/texmf-dist/tex/latex/ucs/ucs.sty
Package: ucs 2013/05/11 v2.2 UCS: Unicode input support

(/usr/share/texmf-dist/tex/latex/ucs/data/uni-global.def
File: uni-global.def 2013/05/13 UCS: Unicode global data
)
\uc@secondtry=\count194
\uc@combtoks=\toks19
\uc@combtoksb=\toks20
\uc@temptokena=\toks21
)
(/usr/share/texmf-dist/tex/latex/base/fontenc.sty
Package: fontenc 2020/08/10 v2.0s Standard LaTeX package
LaTeX Font Info:    Trying to load font information for T1+lmr on input line 11
2.

(/usr/share/texmf-dist/tex/latex/lm/t1lmr.fd
File: t1lmr.fd 2009/10/30 v1.6 Font defs for Latin Modern
))
(/usr/share/texmf-dist/tex/latex/psnfss/pifont.sty
Package: pifont 2020/03/25 PSNFSS-v9.3 Pi font support (SPQR) 
LaTeX Font Info:    Trying to load font information for U+pzd on input line 63.


(/usr/share/texmf-dist/tex/latex/psnfss/upzd.fd
File: upzd.fd 2001/06/04 font definitions for U/pzd.
)
LaTeX Font Info:    Trying to load font information for U+psy on input line 64.


(/usr/share/texmf-dist/tex/latex/psnfss/upsy.fd
File: upsy.fd 2001/06/04 font definitions for U/psy.
))
(/usr/share/texmf-dist/tex/latex/graphics/graphicx.sty
Package: graphicx 2020/09/09 v1.2b Enhanced LaTeX Graphics (DPC,SPQR)

(/usr/share/texmf-dist/tex/latex/graphics/graphics.sty
Package: graphics 2020/08/30 v1.4c Standard LaTeX Graphics (DPC,SPQR)

(/usr/share/texmf-dist/tex/latex/graphics/trig.sty
Package: trig 2016/01/03 v1.10 sin cos tan (DPC)
)
(/usr/share/texmf-dist/tex/latex/graphics-cfg/graphics.cfg
File: graphics.cfg 2016/06/04 v1.11 sample graphics configuration
)
Package graphics Info: Driver file: dvips.def on input line 105.

(/usr/share/texmf-dist/tex/latex/graphics-def/dvips.def
File: dvips.def 2017/06/20 v3.1d Graphics/color driver for dvips
))
\Gin@req@height=\dimen148
\Gin@req@width=\dimen149
)
(/usr/share/texmf-dist/tex/latex/multirow/multirow.sty
Package: multirow 2019/05/31 v2.5 Span multiple rows of a table
\multirow@colwidth=\skip49
\multirow@cntb=\count195
\multirow@dima=\skip50
\bigstrutjot=\dimen150
)
(/usr/share/texmf-dist/tex/latex/graphics/epsfig.sty
Package: epsfig 2017/06/25 v1.7b (e)psfig emulation (SPQR)
\epsfxsize=\dimen151
\epsfysize=\dimen152
)
(/usr/share/texmf-dist/tex/generic/variations/variations.sty
Package: variations 2006/09/13 v0.3 Tableaux de variations

(/usr/share/texmf-dist/tex/generic/variations/variations.tex))
(/usr/share/texmf-dist/tex/latex/minibox/minibox.sty
(/usr/share/texmf-dist/tex/latex/l3kernel/expl3.sty
Package: expl3 2020-12-03 L3 programming layer (loader) 

(/usr/share/texmf-dist/tex/latex/l3backend/l3backend-pdftex.def
File: l3backend-pdftex.def 2020-09-24 L3 backend support: PDF output (pdfTeX)
\l__kernel_color_stack_int=\count196
\l__pdf_internal_box=\box47
))
Package: minibox 2013/06/21 v0.2a Another type of box.
\l_minibox_rule_dim=\dimen153
\l_minibox_pad_dim=\dimen154
)
(/usr/share/texmf-dist/tex/latex/marvosym/marvosym.sty
Package: marvosym 2011/07/20 v2.2 Martin Vogel's Symbols font definitions
)
(/usr/share/texmf-dist/tex/latex/tools/enumerate.sty
Package: enumerate 2015/07/23 v3.00 enumerate extensions (DPC)
\@enLab=\toks22
)
(/usr/share/texmf-dist/tex/latex/wrapfig/wrapfig.sty
\wrapoverhang=\dimen155
\WF@size=\dimen156
\c@WF@wrappedlines=\count197
\WF@box=\box48
\WF@everypar=\toks23
Package: wrapfig 2003/01/31  v 3.6
)
(/usr/share/texmf-dist/tex/latex/tools/multicol.sty
Package: multicol 2019/12/09 v1.8y multicolumn formatting (FMi)
\c@tracingmulticols=\count198
\mult@box=\box49
\multicol@leftmargin=\dimen157
\c@unbalance=\count199
\c@collectmore=\count266
\doublecol@number=\count267
\multicoltolerance=\count268
\multicolpretolerance=\count269
\full@width=\dimen158
\page@free=\dimen159
\premulticols=\dimen160
\postmulticols=\dimen161
\multicolsep=\skip51
\multicolbaselineskip=\skip52
\partial@page=\box50
\last@line=\box51
\maxbalancingoverflow=\dimen162
\mult@rightbox=\box52
\mult@grightbox=\box53
\mult@gfirstbox=\box54
\mult@firstbox=\box55
\@tempa=\box56
\@tempa=\box57
\@tempa=\box58
\@tempa=\box59
\@tempa=\box60
\@tempa=\box61
\@tempa=\box62
\@tempa=\box63
\@tempa=\box64
\@tempa=\box65
\@tempa=\box66
\@tempa=\box67
\@tempa=\box68
\@tempa=\box69
\@tempa=\box70
\@tempa=\box71
\@tempa=\box72
\@tempa=\box73
\@tempa=\box74
\@tempa=\box75
\@tempa=\box76
\@tempa=\box77
\@tempa=\box78
\@tempa=\box79
\@tempa=\box80
\@tempa=\box81
\@tempa=\box82
\@tempa=\box83
\@tempa=\box84
\@tempa=\box85
\@tempa=\box86
\@tempa=\box87
\@tempa=\box88
\@tempa=\box89
\@tempa=\box90
\@tempa=\box91
\@tempa=\box92
\c@minrows=\count270
\c@columnbadness=\count271
\c@finalcolumnbadness=\count272
\last@try=\dimen163
\multicolovershoot=\dimen164
\multicolundershoot=\dimen165
\mult@nat@firstbox=\box93
\colbreak@box=\box94
\mc@col@check@num=\count273
)
(/usr/share/texmf-dist/tex/latex/framed/framed.sty
Package: framed 2011/10/22 v 0.96: framed or shaded text with page breaks
\OuterFrameSep=\skip53
\fb@frw=\dimen166
\fb@frh=\dimen167
\FrameRule=\dimen168
\FrameSep=\dimen169
)
(/usr/share/texmf-dist/tex/latex/tools/verbatim.sty
Package: verbatim 2020-07-07 v1.5u LaTeX2e package for verbatim enhancements
\every@verbatim=\toks24
\verbatim@line=\toks25
\verbatim@in@stream=\read3
)
(/usr/share/texmf-dist/tex/latex/amsfonts/eucal.sty
Package: eucal 2009/06/22 v3.00 Euler Script fonts
LaTeX Font Info:    Overwriting math alphabet `\EuScript' in version `bold'
(Font)                  U/eus/m/n --> U/eus/b/n on input line 33.
)
(/usr/share/texmf-dist/tex/latex/amsfonts/eufrak.sty
Package: eufrak 2009/06/22 v3.00 Euler Fraktur fonts
LaTeX Font Info:    Overwriting math alphabet `\EuFrak' in version `bold'
(Font)                  U/euf/m/n --> U/euf/b/n on input line 39.
)
(/usr/share/texmf-dist/tex/latex/numprint/numprint.sty
Package: numprint 2012/08/20 v1.39 Print numbers (HH)

(/usr/share/texmf-dist/tex/latex/tools/array.sty
Package: array 2020/10/01 v2.5c Tabular extension package (FMi)
\col@sep=\dimen170
\ar@mcellbox=\box95
\extrarowheight=\dimen171
\NC@list=\toks26
\extratabsurround=\skip54
\backup@length=\skip55
\ar@cellbox=\box96
)
\c@nprt@mantissa@digitsbefore=\count274
\c@nprt@mantissa@digitsafter=\count275
\c@nprt@exponent@digitsbefore=\count276
\c@nprt@exponent@digitsafter=\count277
\nprt@digitwidth=\skip56
\nprt@sepwidth=\skip57
\nprt@decimalwidth=\skip58
\nprt@blockwidth=\skip59
\nprt@digittoks=\toks27
\nprt@pretoks=\toks28
\nprt@posttoks=\toks29
\nprt@thisdigit=\count278
\nprt@curpos=\count279
\nprt@rndpos=\count280
\c@nprt@digitsfirstblock=\count281
\c@nprt@blockcnt=\count282
\c@nprt@cntprint=\count283

No configuration file `numprint.cfg' found.)
(/usr/share/texmf-dist/tex/latex/tools/tabularx.sty
Package: tabularx 2020/01/15 v2.11c `tabularx' package (DPC)
\TX@col@width=\dimen172
\TX@old@table=\dimen173
\TX@old@col=\dimen174
\TX@target=\dimen175
\TX@delta=\dimen176
\TX@cols=\count284
\TX@ftn=\toks30
)
(/usr/share/texmf-dist/tex/latex/fancybox/fancybox.sty
Package: fancybox 2010/05/15 1.4

Style option: `fancybox' v1.4 <2010/05/15> (tvz)
\@fancybox=\box97
\shadowsize=\dimen177
\@Sbox=\box98
\do@VerbBox=\toks31
\the@fancyput=\toks32
\this@fancyput=\toks33
\EndVerbatimTokens=\toks34
\Verbatim@Outfile=\write3
\Verbatim@Infile=\read4
) (/usr/share/texmf-dist/tex/latex/amsmath/amsmath.sty
Package: amsmath 2020/09/23 v2.17i AMS math features
\@mathmargin=\skip60

For additional information on amsmath, use the `?' option.
(/usr/share/texmf-dist/tex/latex/amsmath/amstext.sty
Package: amstext 2000/06/29 v2.01 AMS text

(/usr/share/texmf-dist/tex/latex/amsmath/amsgen.sty
File: amsgen.sty 1999/11/30 v2.0 generic functions
\@emptytoks=\toks35
\ex@=\dimen178
))
(/usr/share/texmf-dist/tex/latex/amsmath/amsbsy.sty
Package: amsbsy 1999/11/29 v1.2d Bold Symbols
\pmbraise@=\dimen179
)
(/usr/share/texmf-dist/tex/latex/amsmath/amsopn.sty
Package: amsopn 2016/03/08 v2.02 operator names
)
\inf@bad=\count285
LaTeX Info: Redefining \frac on input line 234.
\uproot@=\count286
\leftroot@=\count287
LaTeX Info: Redefining \overline on input line 399.
\classnum@=\count288
\DOTSCASE@=\count289
LaTeX Info: Redefining \ldots on input line 496.
LaTeX Info: Redefining \dots on input line 499.
LaTeX Info: Redefining \cdots on input line 620.
\Mathstrutbox@=\box99
\strutbox@=\box100
\big@size=\dimen180
LaTeX Font Info:    Redeclaring font encoding OML on input line 743.
LaTeX Font Info:    Redeclaring font encoding OMS on input line 744.
\macc@depth=\count290
\c@MaxMatrixCols=\count291
\dotsspace@=\muskip16
\c@parentequation=\count292
\dspbrk@lvl=\count293
\tag@help=\toks36
\row@=\count294
\column@=\count295
\maxfields@=\count296
\andhelp@=\toks37
\eqnshift@=\dimen181
\alignsep@=\dimen182
\tagshift@=\dimen183
\tagwidth@=\dimen184
\totwidth@=\dimen185
\lineht@=\dimen186
\@envbody=\toks38
\multlinegap=\skip61
\multlinetaggap=\skip62
\mathdisplay@stack=\toks39
LaTeX Info: Redefining \[ on input line 2923.
LaTeX Info: Redefining \] on input line 2924.
)
(/usr/share/texmf-dist/tex/latex/amsfonts/amsfonts.sty
Package: amsfonts 2013/01/14 v3.01 Basic AMSFonts support
\symAMSa=\mathgroup4
\symAMSb=\mathgroup5
LaTeX Font Info:    Redeclaring math symbol \hbar on input line 98.
)
(/usr/share/texmf-dist/tex/latex/amsfonts/amssymb.sty
Package: amssymb 2013/01/14 v3.01 AMS font symbols
)
(/usr/share/texmf-dist/tex/latex/hyperref/hyperref.sty
Package: hyperref 2020-05-15 v7.00e Hypertext links for LaTeX

(/usr/share/texmf-dist/tex/generic/ltxcmds/ltxcmds.sty
Package: ltxcmds 2020-05-10 v1.25 LaTeX kernel commands for general use (HO)
)
(/usr/share/texmf-dist/tex/generic/iftex/iftex.sty
Package: iftex 2020/03/06 v1.0d TeX engine tests
)
(/usr/share/texmf-dist/tex/generic/pdftexcmds/pdftexcmds.sty
Package: pdftexcmds 2020-06-27 v0.33 Utility functions of pdfTeX for LuaTeX (HO
)

(/usr/share/texmf-dist/tex/generic/infwarerr/infwarerr.sty
Package: infwarerr 2019/12/03 v1.5 Providing info/warning/error messages (HO)
)
Package pdftexcmds Info: \pdf@primitive is available.
Package pdftexcmds Info: \pdf@ifprimitive is available.
Package pdftexcmds Info: \pdfdraftmode found.
)
(/usr/share/texmf-dist/tex/generic/kvsetkeys/kvsetkeys.sty
Package: kvsetkeys 2019/12/15 v1.18 Key value parser (HO)
)
(/usr/share/texmf-dist/tex/generic/kvdefinekeys/kvdefinekeys.sty
Package: kvdefinekeys 2019-12-19 v1.6 Define keys (HO)
)
(/usr/share/texmf-dist/tex/generic/pdfescape/pdfescape.sty
Package: pdfescape 2019/12/09 v1.15 Implements pdfTeX's escape features (HO)
)
(/usr/share/texmf-dist/tex/latex/hycolor/hycolor.sty
Package: hycolor 2020-01-27 v1.10 Color options for hyperref/bookmark (HO)
)
(/usr/share/texmf-dist/tex/latex/letltxmacro/letltxmacro.sty
Package: letltxmacro 2019/12/03 v1.6 Let assignment for LaTeX macros (HO)
)
(/usr/share/texmf-dist/tex/latex/auxhook/auxhook.sty
Package: auxhook 2019-12-17 v1.6 Hooks for auxiliary files (HO)
)
(/usr/share/texmf-dist/tex/latex/kvoptions/kvoptions.sty
Package: kvoptions 2020-10-07 v3.14 Key value format for package options (HO)
)
\@linkdim=\dimen187
\Hy@linkcounter=\count297
\Hy@pagecounter=\count298

(/usr/share/texmf-dist/tex/latex/hyperref/pd1enc.def
File: pd1enc.def 2020-05-15 v7.00e Hyperref: PDFDocEncoding definition (HO)
)
(/usr/share/texmf-dist/tex/generic/intcalc/intcalc.sty
Package: intcalc 2019/12/15 v1.3 Expandable calculations with integers (HO)
)
(/usr/share/texmf-dist/tex/generic/etexcmds/etexcmds.sty
Package: etexcmds 2019/12/15 v1.7 Avoid name clashes with e-TeX commands (HO)
)
\Hy@SavedSpaceFactor=\count299
Package hyperref Info: Option `colorlinks' set `true' on input line 4338.
Package hyperref Info: Hyper figures OFF on input line 4464.
Package hyperref Info: Link nesting OFF on input line 4469.
Package hyperref Info: Hyper index ON on input line 4472.
Package hyperref Info: Plain pages OFF on input line 4479.
Package hyperref Info: Backreferencing OFF on input line 4484.
Package hyperref Info: Implicit mode ON; LaTeX internals redefined.
Package hyperref Info: Bookmarks ON on input line 4717.
\c@Hy@tempcnt=\count300

(/usr/share/texmf-dist/tex/latex/url/url.sty
\Urlmuskip=\muskip17
Package: url 2013/09/16  ver 3.4  Verb mode for urls, etc.
)
LaTeX Info: Redefining \url on input line 5076.
\XeTeXLinkMargin=\dimen188

(/usr/share/texmf-dist/tex/generic/bitset/bitset.sty
Package: bitset 2019/12/09 v1.3 Handle bit-vector datatype (HO)

(/usr/share/texmf-dist/tex/generic/bigintcalc/bigintcalc.sty
Package: bigintcalc 2019/12/15 v1.5 Expandable calculations on big integers (HO
)
))
\Fld@menulength=\count301
\Field@Width=\dimen189
\Fld@charsize=\dimen190
Package hyperref Info: Hyper figures OFF on input line 6347.
Package hyperref Info: Link nesting OFF on input line 6352.
Package hyperref Info: Hyper index ON on input line 6355.
Package hyperref Info: backreferencing OFF on input line 6362.
Package hyperref Info: Link coloring ON on input line 6365.
Package hyperref Info: Link coloring with OCG OFF on input line 6372.
Package hyperref Info: PDF/A mode OFF on input line 6377.
LaTeX Info: Redefining \ref on input line 6417.
LaTeX Info: Redefining \pageref on input line 6421.

(/usr/share/texmf-dist/tex/latex/base/atbegshi-ltx.sty
Package: atbegshi-ltx 2020/08/17 v1.0a Emulation of the original atbegshi packa
ge
with kernel methods
)
\Hy@abspage=\count302
\c@Item=\count303
\c@Hfootnote=\count304
)
Package hyperref Info: Driver (autodetected): hpdftex.

(/usr/share/texmf-dist/tex/latex/hyperref/hpdftex.def
File: hpdftex.def 2020-05-15 v7.00e Hyperref driver for pdfTeX

(/usr/share/texmf-dist/tex/latex/base/atveryend-ltx.sty
Package: atveryend-ltx 2020/08/19 v1.0a Emulation of the original atvery packag
e
with kernel methods
)
\Fld@listcount=\count305
\c@bookmark@seq@number=\count306

(/usr/share/texmf-dist/tex/latex/rerunfilecheck/rerunfilecheck.sty
Package: rerunfilecheck 2019/12/05 v1.9 Rerun checks for auxiliary files (HO)

(/usr/share/texmf-dist/tex/generic/uniquecounter/uniquecounter.sty
Package: uniquecounter 2019/12/15 v1.4 Provide unlimited unique counter (HO)
)
Package uniquecounter Info: New unique counter `rerunfilecheck' on input line 2
86.
)
\Hy@SectionHShift=\skip63
)
(/usr/share/texmf-dist/tex/latex/graphics/color.sty
Package: color 2020/02/24 v1.2b Standard LaTeX Color (DPC)

(/usr/share/texmf-dist/tex/latex/graphics-cfg/color.cfg
File: color.cfg 2016/01/02 v1.6 sample color configuration
)
Package color Info: Driver file: pdftex.def on input line 147.

(/usr/share/texmf-dist/tex/latex/graphics-def/pdftex.def
File: pdftex.def 2020/10/05 v1.2a Graphics/color driver for pdftex
))
(/usr/share/texmf-dist/tex/latex/amscls/amsthm.sty
Package: amsthm 2020/05/29 v2.20.6
\thm@style=\toks40
\thm@bodyfont=\toks41
\thm@headfont=\toks42
\thm@notefont=\toks43
\thm@headpunct=\toks44
\thm@preskip=\skip64
\thm@postskip=\skip65
\thm@headsep=\skip66
\dth@everypar=\toks45
)
(/usr/share/texmf-dist/tex/latex/geometry/geometry.sty
Package: geometry 2020/01/02 v5.9 Page Geometry

(/usr/share/texmf-dist/tex/generic/iftex/ifvtex.sty
Package: ifvtex 2019/10/25 v1.7 ifvtex legacy package. Use iftex instead.
)
\Gm@cnth=\count307
\Gm@cntv=\count308
\c@Gm@tempcnt=\count309
\Gm@bindingoffset=\dimen191
\Gm@wd@mp=\dimen192
\Gm@odd@mp=\dimen193
\Gm@even@mp=\dimen194
\Gm@layoutwidth=\dimen195
\Gm@layoutheight=\dimen196
\Gm@layouthoffset=\dimen197
\Gm@layoutvoffset=\dimen198
\Gm@dimlist=\toks46
)
\c@de=\count310
\c@theom=\count311
\c@propo=\count312
\c@que=\count313
\c@ques=\count314
\c@rmq=\count315
\c@exm=\count316
\c@exoit=\count317
\c@EXO=\count318

(./exercices_2nde_fanny.aux)
LaTeX Font Info:    Checking defaults for OML/cmm/m/it on input line 144.
LaTeX Font Info:    ... okay on input line 144.
LaTeX Font Info:    Checking defaults for OMS/cmsy/m/n on input line 144.
LaTeX Font Info:    ... okay on input line 144.
LaTeX Font Info:    Checking defaults for OT1/cmr/m/n on input line 144.
LaTeX Font Info:    ... okay on input line 144.
LaTeX Font Info:    Checking defaults for T1/cmr/m/n on input line 144.
LaTeX Font Info:    ... okay on input line 144.
LaTeX Font Info:    Checking defaults for TS1/cmr/m/n on input line 144.
LaTeX Font Info:    ... okay on input line 144.
LaTeX Font Info:    Checking defaults for OMX/cmex/m/n on input line 144.
LaTeX Font Info:    ... okay on input line 144.
LaTeX Font Info:    Checking defaults for U/cmr/m/n on input line 144.
LaTeX Font Info:    ... okay on input line 144.
LaTeX Font Info:    Checking defaults for PD1/pdf/m/n on input line 144.
LaTeX Font Info:    ... okay on input line 144.
LaTeX Info: Redefining \degres on input line 144.
LaTeX Info: Redefining \dots on input line 144.
Package french.ldf Info: Setting StandardEnumerateEnv=true for
(french.ldf)             compatibility with enumerate package,
(french.ldf)             reported on input line 144.
LaTeX Info: Redefining \up on input line 144.
 (/usr/share/texmf-dist/tex/latex/ucs/ucsencs.def
File: ucsencs.def 2011/01/21 Fixes to fontencodings LGR, T3
)
Package hyperref Info: Link coloring ON on input line 144.

(/usr/share/texmf-dist/tex/latex/hyperref/nameref.sty
Package: nameref 2019/09/16 v2.46 Cross-referencing by name of section

(/usr/share/texmf-dist/tex/latex/refcount/refcount.sty
Package: refcount 2019/12/15 v3.6 Data extraction from label references (HO)
)
(/usr/share/texmf-dist/tex/generic/gettitlestring/gettitlestring.sty
Package: gettitlestring 2019/12/15 v1.6 Cleanup title references (HO)
)
\c@section@level=\count319
)
LaTeX Info: Redefining \ref on input line 144.
LaTeX Info: Redefining \pageref on input line 144.
LaTeX Info: Redefining \nameref on input line 144.

(./exercices_2nde_fanny.out) (./exercices_2nde_fanny.out)
\@outlinefile=\write4

(/usr/share/texmf-dist/tex/context/base/mkii/supp-pdf.mkii
[Loading MPS to PDF converter (version 2006.09.02).]
\scratchcounter=\count320
\scratchdimen=\dimen199
\scratchbox=\box101
\nofMPsegments=\count321
\nofMParguments=\count322
\everyMPshowfont=\toks47
\MPscratchCnt=\count323
\MPscratchDim=\dimen256
\MPnumerator=\count324
\makeMPintoPDFobject=\count325
\everyMPtoPDFconversion=\toks48
) (/usr/share/texmf-dist/tex/latex/epstopdf-pkg/epstopdf-base.sty
Package: epstopdf-base 2020-01-24 v2.11 Base part for package epstopdf
Package epstopdf-base Info: Redefining graphics rule for `.eps' on input line 4
85.

(/usr/share/texmf-dist/tex/latex/latexconfig/epstopdf-sys.cfg
File: epstopdf-sys.cfg 2010/07/13 v1.3 Configuration of (r)epstopdf for TeX Liv
e
))
*geometry* driver: auto-detecting
*geometry* detected driver: pdftex
*geometry* verbose mode - [ preamble ] result:
* driver: pdftex
* paper: a4paper
* layout: <same size as paper>
* layoutoffset:(h,v)=(0.0pt,0.0pt)
* modes: 
* h-part:(L,W,R)=(56.9055pt, 483.69687pt, 56.9055pt)
* v-part:(T,H,B)=(28.45274pt, 773.91498pt, 42.67912pt)
* \paperwidth=597.50787pt
* \paperheight=845.04684pt
* \textwidth=483.69687pt
* \textheight=773.91498pt
* \oddsidemargin=-15.36449pt
* \evensidemargin=-15.36449pt
* \topmargin=-80.81725pt
* \headheight=12.0pt
* \headsep=25.0pt
* \topskip=10.0pt
* \footskip=30.0pt
* \marginparwidth=57.0pt
* \marginparsep=11.0pt
* \columnsep=10.0pt
* \skip\footins=9.0pt plus 4.0pt minus 2.0pt
* \hoffset=0.0pt
* \voffset=0.0pt
* \mag=1000
* \@twocolumnfalse
* \@twosidefalse
* \@mparswitchfalse
* \@reversemarginfalse
* (1in=72.27pt=25.4mm, 1cm=28.453pt)

(/usr/share/texmf-dist/tex/latex/ucs/data/uni-0.def
File: uni-0.def 2013/05/13 UCS: Unicode data U+0000..U+00FF
)
LaTeX Font Info:    Trying to load font information for OT1+lmr on input line 1
49.

(/usr/share/texmf-dist/tex/latex/lm/ot1lmr.fd
File: ot1lmr.fd 2009/10/30 v1.6 Font defs for Latin Modern
)
LaTeX Font Info:    Trying to load font information for OML+lmm on input line 1
49.

(/usr/share/texmf-dist/tex/latex/lm/omllmm.fd
File: omllmm.fd 2009/10/30 v1.6 Font defs for Latin Modern
)
LaTeX Font Info:    Trying to load font information for OMS+lmsy on input line 
149.

(/usr/share/texmf-dist/tex/latex/lm/omslmsy.fd
File: omslmsy.fd 2009/10/30 v1.6 Font defs for Latin Modern
)
LaTeX Font Info:    Trying to load font information for OMX+lmex on input line 
149.

(/usr/share/texmf-dist/tex/latex/lm/omxlmex.fd
File: omxlmex.fd 2009/10/30 v1.6 Font defs for Latin Modern
)
LaTeX Font Info:    External font `lmex10' loaded for size
(Font)              <10> on input line 149.
LaTeX Font Info:    External font `lmex10' loaded for size
(Font)              <7> on input line 149.
LaTeX Font Info:    External font `lmex10' loaded for size
(Font)              <5> on input line 149.
LaTeX Font Info:    Trying to load font information for U+msa on input line 149
.

(/usr/share/texmf-dist/tex/latex/amsfonts/umsa.fd
File: umsa.fd 2013/01/14 v3.01 AMS symbols A
)
LaTeX Font Info:    Trying to load font information for U+msb on input line 149
.

(/usr/share/texmf-dist/tex/latex/amsfonts/umsb.fd
File: umsb.fd 2013/01/14 v3.01 AMS symbols B
)
Overfull \hbox (340.80853pt too wide) in paragraph at lines 147--153
$[]$ $[]$ 
 []

LaTeX Font Info:    Trying to load font information for TS1+lmr on input line 1
54.
(/usr/share/texmf-dist/tex/latex/lm/ts1lmr.fd
File: ts1lmr.fd 2009/10/30 v1.6 Font defs for Latin Modern
)
<1ex1.png, id=4, 384.6872pt x 64.74188pt>
File: 1ex1.png Graphic file (type png)
<use 1ex1.png>
Package pdftex.def Info: 1ex1.png  used on input line 172.
(pdftex.def)             Requested size: 110.96556pt x 18.67488pt.
 [1
Non-PDF special ignored!
<special> papersize=597.50787pt,845.04684pt

{/var/lib/texmf/fonts/map/pdftex/updmap/pdftex.map} <./1ex1.png>]
Overfull \hbox (340.80853pt too wide) in paragraph at lines 213--219
$[]$ $[]$ 
 []

pdfTeX warning (ext4): destination with the same identifier (name{EXO.1}) has b
een already used, duplicate ignored
<to be read again> 
                   \relax 
l.224 \begin{EX}
                
<2ex1.png, id=38, 383.4325pt x 337.26pt>
File: 2ex1.png Graphic file (type png)
<use 2ex1.png>
Package pdftex.def Info: 2ex1.png  used on input line 227.
(pdftex.def)             Requested size: 142.26378pt x 125.13417pt.
pdfTeX warning (ext4): destination with the same identifier (name{EXO.2}) has b
een already used, duplicate ignored
<to be read again> 
                   \relax 
l.233 \begin{EX}
                 \setcounter{ques}{0}
(/usr/share/texmf-dist/tex/latex/ucs/data/uni-32.def
File: uni-32.def 2013/05/13 UCS: Unicode data U+2000..U+20FF
)
<2ex2.png, id=39, 504.88625pt x 499.8675pt>
File: 2ex2.png Graphic file (type png)
<use 2ex2.png>
Package pdftex.def Info: 2ex2.png  used on input line 236.
(pdftex.def)             Requested size: 142.26378pt x 140.84671pt.
pdfTeX warning (ext4): destination with the same identifier (name{EXO.3}) has b
een already used, duplicate ignored
<to be read again> 
                   \relax 
l.244 \begin{EX}
                 \setcounter{ques}{0} [2pdfTeX warning (ext4): destination with
 the same identifier (name{ques.1}) has been already used, duplicate ignored
<argument> ...shipout:D \box_use:N \l_shipout_box 
                                                  
l.249 \newpage
               \setcounter{ques}{0}pdfTeX warning (ext4): destination with the 
same identifier (name{ques.2}) has been already used, duplicate ignored
<argument> ...shipout:D \box_use:N \l_shipout_box 
                                                  
l.249 \newpage
               \setcounter{ques}{0} <./2ex1.png> <./2ex2.png>]
Overfull \hbox (340.80853pt too wide) in paragraph at lines 250--256
$[]$ $[]$ 
 []

pdfTeX warning (ext4): destination with the same identifier (name{EXO.4}) has b
een already used, duplicate ignored
<to be read again> 
                   \relax 
l.262 \begin{EX}
                pdfTeX warning (ext4): destination with the same identifier (na
me{ques.1}) has been already used, duplicate ignored
<to be read again> 
                   \relax 
l.264 \begin{qu}
                 ~~ $A(0\,;\,0)$, $B(1\,;\, -3)$, $C(3\,;\,-1)$.pdfTeX warning 
(ext4): destination with the same identifier (name{ques.2}) has been already us
ed, duplicate ignored
<to be read again> 
                   \relax 
l.265 \end{qu} \begin{qu}
                          ~~ $E(2\,;\,1)$, $F(-1\,;\,1+\sqrt 3)$, $G( -1\,;\...
pdfTeX warning (ext4): destination with the same identifier (name{ques.3}) has 
been already used, duplicate ignored
<to be read again> 
                   \relax 
l.266 \end{qu} \begin{qu}
                          ~~ $M(-1 \,;\,-1)$, $N(1\,;\,3 )$, $P(5\,;\, 1)$.pdfT
eX warning (ext4): destination with the same identifier (name{ques.4}) has been
 already used, duplicate ignored
<to be read again> 
                   \relax 
l.268 \begin{qu}
                 Calculez le p√©rim√®tre du triangle EFG.pdfTeX warning (ext4):
 destination with the same identifier (name{EXO.5}) has been already used, dupl
icate ignored
<to be read again> 
                   \relax 
l.275 \begin{EX}
                pdfTeX warning (ext4): destination with the same identifier (na
me{ques.1}) has been already used, duplicate ignored
<to be read again> 
                   \relax 
l.278 \begin{qu}
                pdfTeX warning (ext4): destination with the same identifier (na
me{ques.2}) has been already used, duplicate ignored
<to be read again> 
                   \relax 
l.280 \end{qu} \begin{qu}
                          Le point $M(-1\,;\,5)$ appartient √† la m√©diatric...
pdfTeX warning (ext4): destination with the same identifier (name{ques.3}) has 
been already used, duplicate ignored
<to be read again> 
                   \relax 
l.281 \end{qu} \begin{qu}
                          Le point $F(-4\,;\,9)$ appartient au cercle de cen...
pdfTeX warning (ext4): destination with the same identifier (name{ques.1}) has 
been already used, duplicate ignored
<to be read again> 
                   \relax 
l.298 \begin{qu}
                 D√©montrez que A, B, C, D appartiennent √† un m√™me cercle ...
pdfTeX warning (ext4): destination with the same identifier (name{ques.2}) has 
been already used, duplicate ignored
<to be read again> 
                   \relax 
l.300 \begin{qu}
                 Calculez les longueurs des c√¥t√©s et des diagonales du pol...
pdfTeX warning (ext4): destination with the same identifier (name{ques.3}) has 
been already used, duplicate ignored
<to be read again> 
                   \relax 
l.302 \begin{qu}
                 V√©rifiez que : $AB\x CD + BC \x AD = AC \x BD$.
<2ptolem.png, id=48, 197.98969pt x 154.32657pt>
File: 2ptolem.png Graphic file (type png)
<use 2ptolem.png>
Package pdftex.def Info: 2ptolem.png  used on input line 308.
(pdftex.def)             Requested size: 142.26378pt x 110.89131pt.
 [3 <./2ptolem.png>]
Overfull \hbox (340.80853pt too wide) in paragraph at lines 315--321
$[]$ $[]$ 
 []

pdfTeX warning (ext4): destination with the same identifier (name{EXO.1}) has b
een already used, duplicate ignored
<to be read again> 
                   \relax 
l.325 \begin{EX}
                 Dans un rep√®re orthonorm√©, on consid√®re les points : $A(...
pdfTeX warning (ext4): destination with the same identifier (name{EXO.2}) has b
een already used, duplicate ignored
<to be read again> 
                   \relax 
l.335 \begin{EX}
                  Dans un rep√®re orthonorm√©, on consid√®re les points : $A...
pdfTeX warning (ext4): destination with the same identifier (name{EXO.3}) has b
een already used, duplicate ignored
<to be read again> 
                   \relax 
l.343 \begin{EX}
                  Dans un rep√®re orthonorm√©, on consid√®re les points : $E...
pdfTeX warning (ext4): destination with the same identifier (name{EXO.4}) has b
een already used, duplicate ignored
<to be read again> 
                   \relax 
l.351 \begin{EX}
                 Dans un rep√®re orthonorm√©, on consid√®re les points : $A(...
pdfTeX warning (ext4): destination with the same identifier (name{EXO.5}) has b
een already used, duplicate ignored
<to be read again> 
                   \relax 
l.356 \begin{EX}
                  Dans un rep√®re orthonorm√©, on consid√®re les points : $A...
pdfTeX warning (ext4): destination with the same identifier (name{EXO.6}) has b
een already used, duplicate ignored
<to be read again> 
                   \relax 
l.366 \begin{EX}
                  Dans un rep√®re orthonorm√©, on consid√®re les points : $M...
[4]
Overfull \hbox (340.80853pt too wide) in paragraph at lines 376--382
$[]$ $[]$ 
 []

pdfTeX warning (ext4): destination with the same identifier (name{EXO.1}) has b
een already used, duplicate ignored
<to be read again> 
                   \relax 
l.387 \begin{EX}
                pdfTeX warning (ext4): destination with the same identifier (na
me{ques.1}) has been already used, duplicate ignored
<to be read again> 
                   \relax 
l.388 \begin{qu}
                 $f$ est la fonction d√©finie sur \R par $f(x)=\f{1}{x^2+2}$...
pdfTeX warning (ext4): destination with the same identifier (name{ques.2}) has 
been already used, duplicate ignored
<to be read again> 
                   \relax 
l.390 \begin{qu}
                 $g$ est la fonction d√©finie sur \R par $g(x)=x^2+x-5$. Cal...
pdfTeX warning (ext4): destination with the same identifier (name{EXO.2}) has b
een already used, duplicate ignored
<to be read again> 
                   \relax 
l.394 \begin{EX}
                pdfTeX warning (ext4): destination with the same identifier (na
me{ques.1}) has been already used, duplicate ignored
<to be read again> 
                   \relax 
l.396 \begin{qu}
                 $\mathcal{C}_f$ passe par le point $(-2\,;\,5)$.pdfTeX warning
 (ext4): destination with the same identifier (name{ques.2}) has been already u
sed, duplicate ignored
<to be read again> 
                   \relax 
l.398 \begin{qu}
                 $\mathcal{C}_f$ coupe l'axe des ordonn√©es au point d'ordon...
pdfTeX warning (ext4): destination with the same identifier (name{ques.3}) has 
been already used, duplicate ignored
<to be read again> 
                   \relax 
l.400 \begin{qu}
                 $\mathcal{C}_f$ coupe l'axe des abscisses aux points d'absc...
pdfTeX warning (ext4): destination with the same identifier (name{EXO.3}) has b
een already used, duplicate ignored
<to be read again> 
                   \relax 
l.404 \begin{EX}
                pdfTeX warning (ext4): destination with the same identifier (na
me{ques.1}) has been already used, duplicate ignored
<to be read again> 
                   \relax 
l.406 \begin{qu}
                 $f(x)=2x-7$ \qquad $a=5$pdfTeX warning (ext4): destination wit
h the same identifier (name{ques.2}) has been already used, duplicate ignored
<to be read again> 
                   \relax 
l.408 \begin{qu}
                 $f(x)=3x-4$ \qquad $a=2$pdfTeX warning (ext4): destination wit
h the same identifier (name{ques.3}) has been already used, duplicate ignored
<to be read again> 
                   \relax 
l.410 \begin{qu}
                 $f(x)=x^2-4x$ \qquad $a=-4$pdfTeX warning (ext4): destination 
with the same identifier (name{ques.4}) has been already used, duplicate ignore
d
<to be read again> 
                   \relax 
l.412 \begin{qu}
                 $f(x)=x^2$ \qquad $a=9$pdfTeX warning (ext4): destination with
 the same identifier (name{ques.5}) has been already used, duplicate ignored
<to be read again> 
                   \relax 
l.414 \begin{qu}
                 $f(x)=(x-4)(2x+6)$ \qquad $a=0$pdfTeX warning (ext4): destinat
ion with the same identifier (name{EXO.4}) has been already used, duplicate ign
ored
<to be read again> 
                   \relax 
l.421 \begin{EX}
                
<3ex1.png, id=75, 378.66469pt x 235.63031pt>
File: 3ex1.png Graphic file (type png)
<use 3ex1.png>
Package pdftex.def Info: 3ex1.png  used on input line 431.
(pdftex.def)             Requested size: 341.43306pt x 212.4644pt.
 [5 <./3ex1.PNG>]
Overfull \hbox (340.80853pt too wide) in paragraph at lines 443--449
$[]$ $[]$ 
 []

pdfTeX warning (ext4): destination with the same identifier (name{EXO.1}) has b
een already used, duplicate ignored
<to be read again> 
                   \relax 
l.453 \begin{EX}
                 Une entreprise commercialise $10,7$ millions de voitures pa...
pdfTeX warning (ext4): destination with the same identifier (name{EXO.2}) has b
een already used, duplicate ignored
<to be read again> 
                   \relax 
l.459 \begin{EX}
                Dans une population d'insectes, on d√©nombre $\np{2000}$ ins...
pdfTeX warning (ext4): destination with the same identifier (name{EXO.3}) has b
een already used, duplicate ignored
<to be read again> 
                   \relax 
l.462 \begin{EX}
                 On estime la population mondiale au 1er janvier 2020 √† $\n...
pdfTeX warning (ext4): destination with the same identifier (name{EXO.4}) has b
een already used, duplicate ignored
<to be read again> 
                   \relax 
l.469 \begin{EX}
                 Le prix d'un article valant initialement $120$\EUR a baiss√...
LaTeX Font Info:    Trying to load font information for U+mvs on input line 469
.
(/usr/share/texmf-dist/tex/latex/marvosym/umvs.fd)pdfTeX warning (ext4): destin
ation with the same identifier (name{EXO.5}) has been already used, duplicate i
gnored
<to be read again> 
                   \relax 
l.477 \begin{EX}
                 Une entreprise compte 250 salari√©s en 2018. Suite √† une a...
pdfTeX warning (ext4): destination with the same identifier (name{EXO.6}) has b
een already used, duplicate ignored
<to be read again> 
                   \relax 
l.486 \begin{EX}
                pdfTeX warning (ext4): destination with the same identifier (na
me{EXO.7}) has been already used, duplicate ignored
<to be read again> 
                   \relax 
l.494 \begin{EX}
                 Lundi, Audrey poss√®de une certaine somme d'argent $S$ dans...
[6]
Overfull \hbox (340.80853pt too wide) in paragraph at lines 507--513
$[]$ $[]$ 
 []

pdfTeX warning (ext4): destination with the same identifier (name{EXO.1}) has b
een already used, duplicate ignored
<to be read again> 
                   \relax 
l.517 \begin{EX}
                
Underfull \hbox (badness 10000) in paragraph at lines 518--519

 []

<6ex1.png, id=103, 680.5425pt x 490.83376pt>
File: 6ex1.png Graphic file (type png)
<use 6ex1.png>
Package pdftex.def Info: 6ex1.png  used on input line 519.
(pdftex.def)             Requested size: 284.52756pt x 205.21257pt.
pdfTeX warning (ext4): destination with the same identifier (name{EXO.2}) has b
een already used, duplicate ignored
<to be read again> 
                   \relax 
l.522 \begin{EX}
                
\@w=\dimen257
\@l=\dimen258
\@r=\dimen259
pdfTeX warning (ext4): destination with the same identifier (name{ques.1}) has 
been already used, duplicate ignored
<to be read again> 
                   \relax 
l.530 \begin{qu}
                 Donner \df~ . \end{qu}pdfTeX warning (ext4): destination with 
the same identifier (name{ques.2}) has been already used, duplicate ignored
<to be read again> 
                   \relax 
l.531 \begin{qu}
                 Tracer une courbe repr√©sentative de $f$ compatible avec ce...
pdfTeX warning (ext4): destination with the same identifier (name{ques.3}) has 
been already used, duplicate ignored
<to be read again> 
                   \relax 
l.532 \begin{qu}
                 Quel est le maximum de $f$ sur son ensemble de d√©fnition ?...
pdfTeX warning (ext4): destination with the same identifier (name{ques.4}) has 
been already used, duplicate ignored
<to be read again> 
                   \relax 
l.533 \begin{qu}
                 Quel est le mimimum de $f$ sur son ensemble de d√©fnition ?...
pdfTeX warning (ext4): destination with the same identifier (name{ques.5}) has 
been already used, duplicate ignored
<to be read again> 
                   \relax 
l.534 \begin{qu}
                 Quel est le maximum de $f$ sur $[1\,;\,7]$ ? \end{qu}pdfTeX wa
rning (ext4): destination with the same identifier (name{ques.6}) has been alre
ady used, duplicate ignored
<to be read again> 
                   \relax 
l.535 \begin{qu}
                 Quel est le minimum de $f$ sur $[-2\,;\,5]$ ? \end{qu}pdfTeX w
arning (ext4): destination with the same identifier (name{EXO.3}) has been alre
ady used, duplicate ignored
<to be read again> 
                   \relax 
l.538 \begin{EX}
                 [7 <./6ex1.png (PNG copy)>]
Overfull \hbox (340.80853pt too wide) in paragraph at lines 551--557
$[]$ $[]$ 
 []

pdfTeX warning (ext4): destination with the same identifier (name{EXO.1}) has b
een already used, duplicate ignored
<to be read again> 
                   \relax 
l.561 \begin{EX}
                
<6ine.png, id=110, 591.71063pt x 422.32782pt>
File: 6ine.png Graphic file (type png)
<use 6ine.png>
Package pdftex.def Info: 6ine.png  used on input line 565.
(pdftex.def)             Requested size: 369.88582pt x 264.00578pt.
pdfTeX warning (ext4): destination with the same identifier (name{EXO.2}) has b
een already used, duplicate ignored
<to be read again> 
                   \relax 
l.569 \begin{EX}
                
<6inters.png, id=111, 570.63188pt x 441.14813pt>
File: 6inters.png Graphic file (type png)
<use 6inters.png>
Package pdftex.def Info: 6inters.png  used on input line 573.
(pdftex.def)             Requested size: 369.88582pt x 285.9553pt.
 [8 <./6ine.PNG> <./6inters.PNG>]
Overfull \hbox (340.80853pt too wide) in paragraph at lines 577--583
$[]$ $[]$ 
 []

pdfTeX warning (ext4): destination with the same identifier (name{EXO.1}) has b
een already used, duplicate ignored
<to be read again> 
                   \relax 
l.587 \begin{EX}
                
<6exo1.png, id=118, 753.5653pt x 315.42844pt>
File: 6exo1.png Graphic file (type png)
<use 6exo1.png>
Package pdftex.def Info: 6exo1.png  used on input line 591.
(pdftex.def)             Requested size: 426.79134pt x 178.64575pt.
pdfTeX warning (ext4): destination with the same identifier (name{EXO.2}) has b
een already used, duplicate ignored
<to be read again> 
                   \relax 
l.595 \begin{EX}
                 $g$ est fonction d√©finie sur $[-3 \,;\, 5]$, dont le table...
\@w=\dimen260
\@l=\dimen261
\@r=\dimen262
[9 <./6exo1.PNG>]
Overfull \hbox (340.80853pt too wide) in paragraph at lines 614--620
$[]$ $[]$ 
 []

pdfTeX warning (ext4): destination with the same identifier (name{EXO.1}) has b
een already used, duplicate ignored
<to be read again> 
                   \relax 
l.624 \begin{EX}
                
Overfull \hbox (19.54721pt too wide) in paragraph at lines 626--628
 [] 
 []

pdfTeX warning (ext4): destination with the same identifier (name{EXO.2}) has b
een already used, duplicate ignored
<to be read again> 
                   \relax 
l.630 \begin{EX}
                pdfTeX warning (ext4): destination with the same identifier (na
me{EXO.3}) has been already used, duplicate ignored
<to be read again> 
                   \relax 
l.634 \begin{EX}
                
<7exo.png, id=124, 1489.81593pt x 760.34062pt>
File: 7exo.png Graphic file (type png)
<use 7exo.png>
Package pdftex.def Info: 7exo.png  used on input line 637.
(pdftex.def)             Requested size: 426.79134pt x 217.8131pt.
pdfTeX warning (ext4): destination with the same identifier (name{EXO.4}) has b
een already used, duplicate ignored
<to be read again> 
                   \relax 
l.640 \begin{EX}
                
Overfull \hbox (2.30016pt too wide) in paragraph at lines 643--643
[]|\T1/lmr/bx/n/10 c.  $\OML/lmm/m/it/10 M\OT1/lmr/m/n/10 (\OMS/lmsy/m/n/10 ^^@
\OT1/lmr/m/n/10 2 ;  3)  \OML/lmm/m/it/10 ;   N\OT1/lmr/m/n/10 (5 ;  \OMS/lmsy/
m/n/10 ^^@\OT1/lmr/m/n/10 4)\OML/lmm/m/it/10 :$| 
 []


Overfull \hbox (11.35599pt too wide) in paragraph at lines 643--644
[]|\T1/lmr/bx/n/10 d.  $\OML/lmm/m/it/10 M\OT1/lmr/m/n/10 (4 ;  \OMS/lmsy/m/n/1
0 ^^@\OT1/lmr/m/n/10 7)  \OML/lmm/m/it/10 ;   N\OT1/lmr/m/n/10 (\OMS/lmsy/m/n/1
0 ^^@\OT1/lmr/m/n/10 2 ;  \OMS/lmsy/m/n/10 ^^@\OT1/lmr/m/n/10 2)\OML/lmm/m/it/1
0 :$| 
 []


Overfull \hbox (19.54721pt too wide) in paragraph at lines 642--644
 [] 
 []

pdfTeX warning (ext4): destination with the same identifier (name{EXO.5}) has b
een already used, duplicate ignored
<to be read again> 
                   \relax 
l.646 \begin{EX}
                
Overfull \hbox (19.54721pt too wide) in paragraph at lines 648--650
 [] 
 []

pdfTeX warning (ext4): destination with the same identifier (name{EXO.6}) has b
een already used, duplicate ignored
<to be read again> 
                   \relax 
l.652 \begin{EX}
                 Les spectateurs d'une course de motocross ont gar√© leurs v...
[10 <./7exo.png>]
Overfull \hbox (340.80853pt too wide) in paragraph at lines 659--665
$[]$ $[]$ 
 []

pdfTeX warning (ext4): destination with the same identifier (name{EXO.1}) has b
een already used, duplicate ignored
<to be read again> 
                   \relax 
l.669 \begin{EX}
                pdfTeX warning (ext4): destination with the same identifier (na
me{EXO.2}) has been already used, duplicate ignored
<to be read again> 
                   \relax 
l.678 \begin{EX}
                 Lors de l'ouverture d'une nouvelle enseigne, les clients so...
pdfTeX warning (ext4): destination with the same identifier (name{EXO.3}) has b
een already used, duplicate ignored
<to be read again> 
                   \relax 
l.689 \begin{EX}
                pdfTeX warning (ext4): destination with the same identifier (na
me{EXO.4}) has been already used, duplicate ignored
<to be read again> 
                   \relax 
l.700 \begin{EX}
                 Un particulier souhait louer une voiture. L'agence de locat...
pdfTeX warning (ext4): destination with the same identifier (name{EXO.5}) has b
een already used, duplicate ignored
<to be read again> 
                   \relax 
l.705 \begin{EX}
                pdfTeX warning (ext4): destination with the same identifier (na
me{EXO.6}) has been already used, duplicate ignored
<to be read again> 
                   \relax 
l.717 \begin{EX}
                 [11]
Overfull \hbox (340.80853pt too wide) in paragraph at lines 739--745
$[]$ $[]$ 
 []

pdfTeX warning (ext4): destination with the same identifier (name{EXO.1}) has b
een already used, duplicate ignored
<to be read again> 
                   \relax 
l.749 \begin{EX}
                
<8ex1.png, id=143, 1451.4225pt x 441.14813pt>
File: 8ex1.png Graphic file (type png)
<use 8ex1.png>
Package pdftex.def Info: 8ex1.png  used on input line 752.
(pdftex.def)             Requested size: 312.9803pt x 95.12772pt.
pdfTeX warning (ext4): destination with the same identifier (name{EXO.2}) has b
een already used, duplicate ignored
<to be read again> 
                   \relax 
l.761 \begin{EX}
                
File: 8ex2.png Graphic file (type png)
<use 8ex2.png>
Package pdftex.def Info: 8ex2.png  used on input line 773.
(pdftex.def)             Requested size: 199.16928pt x 139.97342pt.

Overfull \hbox (15.0pt too wide) in paragraph at lines 773--774
[][] 
 []

pdfTeX warning (ext4): destination with the same identifier (name{EXO.3}) has b
een already used, duplicate ignored
<to be read again> 
                   \relax 
l.777 \begin{EX}
                pdfTeX warning (ext4): destination with the same identifier (na
me{EXO.4}) has been already used, duplicate ignored
<to be read again> 
                   \relax 
l.785 \begin{EX}
                pdfTeX warning (ext4): destination with the same identifier (na
me{EXO.5}) has been already used, duplicate ignored
<to be read again> 
                   \relax 
l.795 \begin{EX}
                
<8ex5.png, id=145, 1212.78094pt x 395.22656pt>
File: 8ex5.png Graphic file (type png)
<use 8ex5.png>
Package pdftex.def Info: 8ex5.png  used on input line 799.
(pdftex.def)             Requested size: 284.52756pt x 92.72145pt.
pdfTeX warning (ext4): destination with the same identifier (name{EXO.6}) has b
een already used, duplicate ignored
<to be read again> 
                   \relax 
l.802 \begin{EX}
                
<8ex6.png, id=146, 1427.3325pt x 1017.8025pt>
File: 8ex6.png Graphic file (type png)
<use 8ex6.png>
Package pdftex.def Info: 8ex6.png  used on input line 805.
(pdftex.def)             Requested size: 227.62204pt x 162.30817pt.
 [12 <./8ex1.png> <./8ex2.png (PNG copy)> <./8ex5.png (PNG copy)>]pdfTeX warnin
g (ext4): destination with the same identifier (name{EXO.7}) has been already u
sed, duplicate ignored
<to be read again> 
                   \relax 
l.814 \begin{EX}
                pdfTeX warning (ext4): destination with the same identifier (na
me{EXO.8}) has been already used, duplicate ignored
<to be read again> 
                   \relax 
l.823 \begin{EX}
                
File: 8ex9.png Graphic file (type png)
<use 8ex9.png>
Package pdftex.def Info: 8ex9.png  used on input line 851.
(pdftex.def)             Requested size: 170.71652pt x 119.78294pt.

Overfull \hbox (15.0pt too wide) in paragraph at lines 851--852
[][] 
 []

[13 <./8ex6.png (PNG copy)> <./8ex9.PNG>]
Overfull \hbox (340.80853pt too wide) in paragraph at lines 859--865
$[]$ $[]$ 
 []

pdfTeX warning (ext4): destination with the same identifier (name{EXO.1}) has b
een already used, duplicate ignored
<to be read again> 
                   \relax 
l.869 \begin{EX}
                  On consid√®re deux points A et B du plan ci-dessous, et tr...
<8bex1.png, id=179, 1489.81593pt x 761.09344pt>
File: 8bex1.png Graphic file (type png)
<use 8bex1.png>
Package pdftex.def Info: 8bex1.png  used on input line 871.
(pdftex.def)             Requested size: 483.69684pt x 247.09694pt.
pdfTeX warning (ext4): destination with the same identifier (name{EXO.2}) has b
een already used, duplicate ignored
<to be read again> 
                   \relax 
l.877 \begin{EX}
                  En utilisant la relation de Chasles, simplifiez les √©crit...
pdfTeX warning (ext4): destination with the same identifier (name{EXO.3}) has b
een already used, duplicate ignored
<to be read again> 
                   \relax 
l.881 \begin{EX}
                 A et B sont deux points donn√©s. Soit C le point tel que : ...
pdfTeX warning (ext4): destination with the same identifier (name{EXO.4}) has b
een already used, duplicate ignored
<to be read again> 
                   \relax 
l.887 \begin{EX}
                 ABC est un triangle, tel que $AB=5$ , $AC=4$ et $BC=6$. \be...
pdfTeX warning (ext4): destination with the same identifier (name{EXO.5}) has b
een already used, duplicate ignored
<to be read again> 
                   \relax 
l.894 \begin{EX}
                 On consid√®re un triangle ABC. \begin{enumerate}pdfTeX warning
 (ext4): destination with the same identifier (name{EXO.6}) has been already us
ed, duplicate ignored
<to be read again> 
                   \relax 
l.902 \begin{EX}
                 ABC est un triangle isoc√®le en A, tel que $AB=5$ , et $BC=...
[14 <./8bex1.png>] [15]
Overfull \hbox (340.80853pt too wide) in paragraph at lines 911--917
$[]$ $[]$ 
 []

pdfTeX warning (ext4): destination with the same identifier (name{EXO.1}) has b
een already used, duplicate ignored
<to be read again> 
                   \relax 
l.923 \begin{EX}
                
LaTeX Font Info:    External font `lmex10' loaded for size
(Font)              <12> on input line 924.
LaTeX Font Info:    External font `lmex10' loaded for size
(Font)              <8> on input line 924.
LaTeX Font Info:    External font `lmex10' loaded for size
(Font)              <6> on input line 924.
<8tex1.PNG, id=199, 422.32782pt x 325.215pt>
File: 8tex1.PNG Graphic file (type png)
<use 8tex1.PNG>
Package pdftex.def Info: 8tex1.PNG  used on input line 926.
(pdftex.def)             Requested size: 284.52756pt x 219.10869pt.
pdfTeX warning (ext4): destination with the same identifier (name{EXO.2}) has b
een already used, duplicate ignored
<to be read again> 
                   \relax 
l.930 \begin{EX}
                pdfTeX warning (ext4): destination with the same identifier (na
me{EXO.3}) has been already used, duplicate ignored
<to be read again> 
                   \relax 
l.937 \begin{EX}
                 [16 <./8tex1.PNG>]pdfTeX warning (ext4): destination with the 
same identifier (name{EXO.4}) has been already used, duplicate ignored
<to be read again> 
                   \relax 
l.947 \begin{EX}
                 Dans un rep√®re, on donne les coordonn√©es des points :pdfTeX 
warning (ext4): destination with the same identifier (name{EXO.5}) has been alr
eady used, duplicate ignored
<to be read again> 
                   \relax 
l.955 \begin{EX}
                 Dans un rep√®re, on donne les coordonn√©es des points :pdfTeX 
warning (ext4): destination with the same identifier (name{EXO.6}) has been alr
eady used, duplicate ignored
<to be read again> 
                   \relax 
l.964 \begin{EX}
                 A et B sont deux points donn√©s. Soit C le point tel que : ...
pdfTeX warning (ext4): destination with the same identifier (name{EXO.7}) has b
een already used, duplicate ignored
<to be read again> 
                   \relax 
l.971 \begin{EX}
                 Dans chacun des cas suivants, d√©terminez, si possible, le ...
pdfTeX warning (ext4): destination with the same identifier (name{EXO.8}) has b
een already used, duplicate ignored
<to be read again> 
                   \relax 
l.979 \begin{EX}
                 ABC est un triangle. I est le milieu de [AB], et J est le p...
[17]
Overfull \hbox (340.80853pt too wide) in paragraph at lines 996--1002
$[]$ $[]$ 
 []

pdfTeX warning (ext4): destination with the same identifier (name{EXO.1}) has b
een already used, duplicate ignored
<to be read again> 
                   \relax 
l.1006 \begin{EX}
                 
Underfull \hbox (badness 10000) in paragraph at lines 1007--1009

 []


Underfull \hbox (badness 10000) in paragraph at lines 1018--1019

 []

pdfTeX warning (ext4): destination with the same identifier (name{ques.1}) has 
been already used, duplicate ignored
<to be read again> 
                   \relax 
l.1019 \begin{qu}
                  D√©terminez l'√©tendue de cette s√©rie.pdfTeX warning (ext4):
 destination with the same identifier (name{ques.2}) has been already used, dup
licate ignored
<to be read again> 
                   \relax 
l.1022 \begin{qu}
                  D√©terminez la m√©diane de cette s√©rie.pdfTeX warning (ext4)
: destination with the same identifier (name{ques.3}) has been already used, du
plicate ignored
<to be read again> 
                   \relax 
l.1025 \begin{qu}
                  D√©terminez le premier quartile et le troisi√®me quartile ...
pdfTeX warning (ext4): destination with the same identifier (name{ques.4}) has 
been already used, duplicate ignored
<to be read again> 
                   \relax 
l.1028 \begin{qu}
                  Combien de livres un √©l√®ve de cette classe lit-il en moy...
pdfTeX warning (ext4): destination with the same identifier (name{ques.5}) has 
been already used, duplicate ignored
<to be read again> 
                   \relax 
l.1031 \begin{qu}
                  Repr√©sentez cette s√©rie par un diagramme en b√¢tons.pdfTeX 
warning (ext4): destination with the same identifier (name{EXO.2}) has been alr
eady used, duplicate ignored
<to be read again> 
                   \relax 
l.1037 \begin{EX}
                  Le graphique ci-dessous repr√©sente le polygone des fr√©qu...

Underfull \hbox (badness 10000) in paragraph at lines 1037--1039

 []

<9ex2.png, id=224, 1547.7825pt x 784.43062pt>
File: 9ex2.png Graphic file (type png)
<use 9ex2.png>
Package pdftex.def Info: 9ex2.png  used on input line 1040.
(pdftex.def)             Requested size: 426.79134pt x 216.29959pt.

Overfull \hbox (7.32077pt too wide) in paragraph at lines 1044--1061
 [] 
 []

[18 <./9ex2.png>]pdfTeX warning (ext4): destination with the same identifier (n
ame{EXO.3}) has been already used, duplicate ignored
<to be read again> 
                   \relax 
l.1066 \begin{EX}
                 
Underfull \hbox (badness 10000) in paragraph at lines 1075--1075
[]|\T1/lmr/m/n/12 Effectifs
 []


Underfull \hbox (badness 10000) in paragraph at lines 1075--1075
\T1/lmr/m/n/12 Cu-mu-lÈs
 []


Underfull \hbox (badness 10000) in paragraph at lines 1081--1081
[]|\T1/lmr/m/n/12 FrÈquences
 []


Underfull \hbox (badness 10000) in paragraph at lines 1081--1081
\T1/lmr/m/n/12 Cu-mu-lÈes
 []


Overfull \hbox (36.9533pt too wide) in paragraph at lines 1069--1084
 [] 
 []

pdfTeX warning (ext4): destination with the same identifier (name{ques.1}) has 
been already used, duplicate ignored
<to be read again> 
                   \relax 
l.1086 \begin{qu}
                  Calculez la note moyenne de cette classe.pdfTeX warning (ext4
): destination with the same identifier (name{ques.2}) has been already used, d
uplicate ignored
<to be read again> 
                   \relax 
l.1089 \begin{qu}
                  Compl√©tez le tableau.pdfTeX warning (ext4): destination with
 the same identifier (name{ques.3}) has been already used, duplicate ignored
<to be read again> 
                   \relax 
l.1092 \begin{qu}
                 pdfTeX warning (ext4): destination with the same identifier (n
ame{EXO.4}) has been already used, duplicate ignored
<to be read again> 
                   \relax 
l.1102 \begin{EX}
                 
Underfull \hbox (badness 10000) in paragraph at lines 1103--1105

 []


Underfull \hbox (badness 10000) in paragraph at lines 1103--1105

 []


Overfull \hbox (3.39859pt too wide) in paragraph at lines 1108--1108
[]|$\OT1/lmr/m/n/12 165$| 
 []


Overfull \hbox (3.39859pt too wide) in paragraph at lines 1108--1108
[]|$\OT1/lmr/m/n/12 159$| 
 []


Overfull \hbox (3.39859pt too wide) in paragraph at lines 1108--1108
[]|$\OT1/lmr/m/n/12 158$| 
 []


Overfull \hbox (3.39859pt too wide) in paragraph at lines 1108--1108
[]|$\OT1/lmr/m/n/12 185$| 
 []


Overfull \hbox (3.39859pt too wide) in paragraph at lines 1108--1108
[]|$\OT1/lmr/m/n/12 168$| 
 []


Overfull \hbox (3.39859pt too wide) in paragraph at lines 1108--1108
[]|$\OT1/lmr/m/n/12 164$| 
 []


Overfull \hbox (3.39859pt too wide) in paragraph at lines 1108--1108
[]|$\OT1/lmr/m/n/12 163$| 
 []


Overfull \hbox (3.39859pt too wide) in paragraph at lines 1108--1108
[]|$\OT1/lmr/m/n/12 185$| 
 []


Overfull \hbox (3.39859pt too wide) in paragraph at lines 1108--1108
[]|$\OT1/lmr/m/n/12 169$| 
 []


Overfull \hbox (3.39859pt too wide) in paragraph at lines 1108--1108
[]|$\OT1/lmr/m/n/12 157$| 
 []


Overfull \hbox (3.39859pt too wide) in paragraph at lines 1108--1108
[]|$\OT1/lmr/m/n/12 160$| 
 []


Overfull \hbox (3.39859pt too wide) in paragraph at lines 1108--1108
[]|$\OT1/lmr/m/n/12 163$| 
 []


Overfull \hbox (3.39859pt too wide) in paragraph at lines 1108--1108
[]|$\OT1/lmr/m/n/12 164$| 
 []


Overfull \hbox (3.39859pt too wide) in paragraph at lines 1108--1108
[]|$\OT1/lmr/m/n/12 165$| 
 []


Overfull \hbox (3.39859pt too wide) in paragraph at lines 1108--1108
[]|$\OT1/lmr/m/n/12 158$| 
 []


Overfull \hbox (3.39859pt too wide) in paragraph at lines 1108--1108
[]|$\OT1/lmr/m/n/12 170$| 
 []


Overfull \hbox (3.39859pt too wide) in paragraph at lines 1108--1108
[]|$\OT1/lmr/m/n/12 155$| 
 []


Overfull \hbox (3.39859pt too wide) in paragraph at lines 1108--1108
[]|$\OT1/lmr/m/n/12 190$| 
 []


Overfull \hbox (3.39859pt too wide) in paragraph at lines 1108--1108
[]|$\OT1/lmr/m/n/12 187$| 
 []


Overfull \hbox (3.39859pt too wide) in paragraph at lines 1108--1109
[]|$\OT1/lmr/m/n/12 157$| 
 []


Overfull \hbox (3.39859pt too wide) in paragraph at lines 1110--1110
[]|$\OT1/lmr/m/n/12 178$| 
 []


Overfull \hbox (3.39859pt too wide) in paragraph at lines 1110--1110
[]|$\OT1/lmr/m/n/12 183$| 
 []


Overfull \hbox (3.39859pt too wide) in paragraph at lines 1110--1110
[]|$\OT1/lmr/m/n/12 157$| 
 []


Overfull \hbox (3.39859pt too wide) in paragraph at lines 1110--1110
[]|$\OT1/lmr/m/n/12 179$| 
 []


Overfull \hbox (3.39859pt too wide) in paragraph at lines 1110--1110
[]|$\OT1/lmr/m/n/12 178$| 
 []


Overfull \hbox (3.39859pt too wide) in paragraph at lines 1110--1110
[]|$\OT1/lmr/m/n/12 182$| 
 []


Overfull \hbox (3.39859pt too wide) in paragraph at lines 1110--1110
[]|$\OT1/lmr/m/n/12 159$| 
 []


Overfull \hbox (3.39859pt too wide) in paragraph at lines 1110--1110
[]|$\OT1/lmr/m/n/12 150$| 
 []


Overfull \hbox (3.39859pt too wide) in paragraph at lines 1110--1110
[]|$\OT1/lmr/m/n/12 160$| 
 []


Overfull \hbox (3.39859pt too wide) in paragraph at lines 1110--1110
[]|$\OT1/lmr/m/n/12 178$| 
 []


Overfull \hbox (3.39859pt too wide) in paragraph at lines 1110--1110
[]|$\OT1/lmr/m/n/12 157$| 
 []


Overfull \hbox (3.39859pt too wide) in paragraph at lines 1110--1110
[]|$\OT1/lmr/m/n/12 161$| 
 []


Overfull \hbox (3.39859pt too wide) in paragraph at lines 1110--1110
[]|$\OT1/lmr/m/n/12 170$| 
 []


Overfull \hbox (3.39859pt too wide) in paragraph at lines 1110--1110
[]|$\OT1/lmr/m/n/12 169$| 
 []


Overfull \hbox (3.39859pt too wide) in paragraph at lines 1110--1110
[]|$\OT1/lmr/m/n/12 179$| 
 []


Overfull \hbox (3.39859pt too wide) in paragraph at lines 1110--1110
[]|$\OT1/lmr/m/n/12 187$| 
 []


Overfull \hbox (3.39859pt too wide) in paragraph at lines 1110--1110
[]|$\OT1/lmr/m/n/12 187$| 
 []


Overfull \hbox (3.39859pt too wide) in paragraph at lines 1110--1110
[]|$\OT1/lmr/m/n/12 165$| 
 []


Overfull \hbox (3.39859pt too wide) in paragraph at lines 1110--1110
[]|$\OT1/lmr/m/n/12 154$| 
 []


Overfull \hbox (3.39859pt too wide) in paragraph at lines 1110--1111
[]|$\OT1/lmr/m/n/12 189$| 
 []


Overfull \hbox (3.39859pt too wide) in paragraph at lines 1112--1112
[]|$\OT1/lmr/m/n/12 159$| 
 []


Overfull \hbox (3.39859pt too wide) in paragraph at lines 1112--1112
[]|$\OT1/lmr/m/n/12 159$| 
 []


Overfull \hbox (3.39859pt too wide) in paragraph at lines 1112--1112
[]|$\OT1/lmr/m/n/12 166$| 
 []


Overfull \hbox (3.39859pt too wide) in paragraph at lines 1112--1112
[]|$\OT1/lmr/m/n/12 169$| 
 []


Overfull \hbox (3.39859pt too wide) in paragraph at lines 1112--1112
[]|$\OT1/lmr/m/n/12 187$| 
 []


Overfull \hbox (3.39859pt too wide) in paragraph at lines 1112--1112
[]|$\OT1/lmr/m/n/12 153$| 
 []


Overfull \hbox (3.39859pt too wide) in paragraph at lines 1112--1112
[]|$\OT1/lmr/m/n/12 170$| 
 []


Overfull \hbox (3.39859pt too wide) in paragraph at lines 1112--1112
[]|$\OT1/lmr/m/n/12 155$| 
 []


Overfull \hbox (3.39859pt too wide) in paragraph at lines 1112--1112
[]|$\OT1/lmr/m/n/12 165$| 
 []


Overfull \hbox (3.39859pt too wide) in paragraph at lines 1112--1112
[]|$\OT1/lmr/m/n/12 182$| 
 []


Overfull \hbox (3.39859pt too wide) in paragraph at lines 1112--1112
[]|$\OT1/lmr/m/n/12 168$| 
 []


Overfull \hbox (3.39859pt too wide) in paragraph at lines 1112--1112
[]|$\OT1/lmr/m/n/12 161$| 
 []


Overfull \hbox (3.39859pt too wide) in paragraph at lines 1112--1112
[]|$\OT1/lmr/m/n/12 163$| 
 []


Overfull \hbox (3.39859pt too wide) in paragraph at lines 1112--1112
[]|$\OT1/lmr/m/n/12 189$| 
 []


Overfull \hbox (3.39859pt too wide) in paragraph at lines 1112--1112
[]|$\OT1/lmr/m/n/12 164$| 
 []


Overfull \hbox (3.39859pt too wide) in paragraph at lines 1112--1112
[]|$\OT1/lmr/m/n/12 168$| 
 []


Overfull \hbox (3.39859pt too wide) in paragraph at lines 1112--1112
[]|$\OT1/lmr/m/n/12 150$| 
 []


Overfull \hbox (3.39859pt too wide) in paragraph at lines 1112--1112
[]|$\OT1/lmr/m/n/12 156$| 
 []


Overfull \hbox (3.39859pt too wide) in paragraph at lines 1112--1112
[]|$\OT1/lmr/m/n/12 169$| 
 []


Overfull \hbox (3.39859pt too wide) in paragraph at lines 1112--1113
[]|$\OT1/lmr/m/n/12 176$| 
 []


Overfull \hbox (3.39859pt too wide) in paragraph at lines 1114--1114
[]|$\OT1/lmr/m/n/12 158$| 
 []


Overfull \hbox (3.39859pt too wide) in paragraph at lines 1114--1114
[]|$\OT1/lmr/m/n/12 171$| 
 []


Overfull \hbox (3.39859pt too wide) in paragraph at lines 1114--1114
[]|$\OT1/lmr/m/n/12 169$| 
 []


Overfull \hbox (3.39859pt too wide) in paragraph at lines 1114--1114
[]|$\OT1/lmr/m/n/12 166$| 
 []


Overfull \hbox (3.39859pt too wide) in paragraph at lines 1114--1114
[]|$\OT1/lmr/m/n/12 164$| 
 []


Overfull \hbox (3.39859pt too wide) in paragraph at lines 1114--1114
[]|$\OT1/lmr/m/n/12 177$| 
 []


Overfull \hbox (3.39859pt too wide) in paragraph at lines 1114--1114
[]|$\OT1/lmr/m/n/12 155$| 
 []


Overfull \hbox (3.39859pt too wide) in paragraph at lines 1114--1114
[]|$\OT1/lmr/m/n/12 156$| 
 []


Overfull \hbox (3.39859pt too wide) in paragraph at lines 1114--1114
[]|$\OT1/lmr/m/n/12 177$| 
 []


Overfull \hbox (3.39859pt too wide) in paragraph at lines 1114--1114
[]|$\OT1/lmr/m/n/12 186$| 
 []


Overfull \hbox (3.39859pt too wide) in paragraph at lines 1114--1114
[]|$\OT1/lmr/m/n/12 166$| 
 []


Overfull \hbox (3.39859pt too wide) in paragraph at lines 1114--1114
[]|$\OT1/lmr/m/n/12 168$| 
 []


Overfull \hbox (3.39859pt too wide) in paragraph at lines 1114--1114
[]|$\OT1/lmr/m/n/12 158$| 
 []


Overfull \hbox (3.39859pt too wide) in paragraph at lines 1114--1114
[]|$\OT1/lmr/m/n/12 188$| 
 []


Overfull \hbox (3.39859pt too wide) in paragraph at lines 1114--1114
[]|$\OT1/lmr/m/n/12 153$| 
 []


Overfull \hbox (3.39859pt too wide) in paragraph at lines 1114--1114
[]|$\OT1/lmr/m/n/12 159$| 
 []


Overfull \hbox (3.39859pt too wide) in paragraph at lines 1114--1114
[]|$\OT1/lmr/m/n/12 156$| 
 []


Overfull \hbox (3.39859pt too wide) in paragraph at lines 1114--1114
[]|$\OT1/lmr/m/n/12 179$| 
 []


Overfull \hbox (3.39859pt too wide) in paragraph at lines 1114--1114
[]|$\OT1/lmr/m/n/12 190$| 
 []


Overfull \hbox (3.39859pt too wide) in paragraph at lines 1114--1115
[]|$\OT1/lmr/m/n/12 188$| 
 []


Overfull \hbox (3.39859pt too wide) in paragraph at lines 1116--1116
[]|$\OT1/lmr/m/n/12 185$| 
 []


Overfull \hbox (3.39859pt too wide) in paragraph at lines 1116--1116
[]|$\OT1/lmr/m/n/12 159$| 
 []


Overfull \hbox (3.39859pt too wide) in paragraph at lines 1116--1116
[]|$\OT1/lmr/m/n/12 156$| 
 []


Overfull \hbox (3.39859pt too wide) in paragraph at lines 1116--1116
[]|$\OT1/lmr/m/n/12 171$| 
 []


Overfull \hbox (3.39859pt too wide) in paragraph at lines 1116--1116
[]|$\OT1/lmr/m/n/12 173$| 
 []


Overfull \hbox (3.39859pt too wide) in paragraph at lines 1116--1116
[]|$\OT1/lmr/m/n/12 178$| 
 []


Overfull \hbox (3.39859pt too wide) in paragraph at lines 1116--1116
[]|$\OT1/lmr/m/n/12 176$| 
 []


Overfull \hbox (3.39859pt too wide) in paragraph at lines 1116--1116
[]|$\OT1/lmr/m/n/12 167$| 
 []


Overfull \hbox (3.39859pt too wide) in paragraph at lines 1116--1116
[]|$\OT1/lmr/m/n/12 190$| 
 []


Overfull \hbox (3.39859pt too wide) in paragraph at lines 1116--1116
[]|$\OT1/lmr/m/n/12 150$| 
 []


Overfull \hbox (3.39859pt too wide) in paragraph at lines 1116--1116
[]|$\OT1/lmr/m/n/12 189$| 
 []


Overfull \hbox (3.39859pt too wide) in paragraph at lines 1116--1116
[]|$\OT1/lmr/m/n/12 173$| 
 []


Overfull \hbox (3.39859pt too wide) in paragraph at lines 1116--1116
[]|$\OT1/lmr/m/n/12 158$| 
 []


Overfull \hbox (3.39859pt too wide) in paragraph at lines 1116--1116
[]|$\OT1/lmr/m/n/12 185$| 
 []


Overfull \hbox (3.39859pt too wide) in paragraph at lines 1116--1116
[]|$\OT1/lmr/m/n/12 184$| 
 []


Overfull \hbox (3.39859pt too wide) in paragraph at lines 1116--1116
[]|$\OT1/lmr/m/n/12 182$| 
 []


Overfull \hbox (3.39859pt too wide) in paragraph at lines 1116--1116
[]|$\OT1/lmr/m/n/12 189$| 
 []


Overfull \hbox (3.39859pt too wide) in paragraph at lines 1116--1116
[]|$\OT1/lmr/m/n/12 164$| 
 []


Overfull \hbox (3.39859pt too wide) in paragraph at lines 1116--1116
[]|$\OT1/lmr/m/n/12 170$| 
 []


Overfull \hbox (3.39859pt too wide) in paragraph at lines 1116--1117
[]|$\OT1/lmr/m/n/12 154$| 
 []


Overfull \hbox (49.23029pt too wide) in paragraph at lines 1106--1119
 [] 
 []


Underfull \hbox (badness 10000) in paragraph at lines 1120--1121

 []

pdfTeX warning (ext4): destination with the same identifier (name{ques.1}) has 
been already used, duplicate ignored
<to be read again> 
                   \relax 
l.1121 \begin{qu}
                  Afin de faciliter le calcul de la moyenne, les donn√©es so...

Overfull \hbox (30.29436pt too wide) in paragraph at lines 1123--1130
 [] 
 []

pdfTeX warning (ext4): destination with the same identifier (name{ques.2}) has 
been already used, duplicate ignored
<to be read again> 
                   \relax 
l.1133 \begin{qu}
                  Le calcul de la moyenne √† l'aide des donn√©es a donn√© 16...
[19]pdfTeX warning (ext4): destination with the same identifier (name{EXO.5}) h
as been already used, duplicate ignored
<to be read again> 
                   \relax 
l.1138 \begin{EX}
                  On a relev√© les vitesses d'un certain nombre de voitures ...
<9ex5.png, id=236, 1067.48813pt x 606.76688pt>
File: 9ex5.png Graphic file (type png)
<use 9ex5.png>
Package pdftex.def Info: 9ex5.png  used on input line 1140.
(pdftex.def)             Requested size: 284.52756pt x 161.72755pt.
pdfTeX warning (ext4): destination with the same identifier (name{ques.1}) has 
been already used, duplicate ignored
<to be read again> 
                   \relax 
l.1142 \begin{qu}
                  Quel est le caract√®re √©tudi√© ?pdfTeX warning (ext4): desti
nation with the same identifier (name{ques.2}) has been already used, duplicate
 ignored
<to be read again> 
                   \relax 
l.1145 \begin{qu}
                  Quelle est l'√©tendue de la s√©rie ?pdfTeX warning (ext4): de
stination with the same identifier (name{ques.3}) has been already used, duplic
ate ignored
<to be read again> 
                   \relax 
l.1148 \begin{qu}
                  Quel est l'effectif total de la s√©rie ?pdfTeX warning (ext4)
: destination with the same identifier (name{ques.4}) has been already used, du
plicate ignored
<to be read again> 
                   \relax 
l.1151 \begin{qu}
                  Quelle est la classe m√©diane de la s√©rie ?pdfTeX warning (e
xt4): destination with the same identifier (name{ques.5}) has been already used
, duplicate ignored
<to be read again> 
                   \relax 
l.1154 \begin{qu}
                  Compl√©tez le tableau ci-dessous :
Overfull \hbox (44.52074pt too wide) in paragraph at lines 1156--1169
 [] 
 []

pdfTeX warning (ext4): destination with the same identifier (name{ques.6}) has 
been already used, duplicate ignored
<to be read again> 
                   \relax 
l.1172 \begin{qu}
                  \`A quelle question r√©pond-on quand on compl√®te la case ...
pdfTeX warning (ext4): destination with the same identifier (name{EXO.6}) has b
een already used, duplicate ignored
<to be read again> 
                   \relax 
l.1183 \begin{EX}
                  Dans une m√™me classe, les professeurs de Fran√ßais et de ...

Overfull \hbox (13.85675pt too wide) in paragraph at lines 1185--1194
 [] 
 []

pdfTeX warning (ext4): destination with the same identifier (name{ques.1}) has 
been already used, duplicate ignored
<to be read again> 
                   \relax 
l.1195 \begin{qu}
                  D√©crire la population et les caract√®res √©tudi√©s.pdfTeX wa
rning (ext4): destination with the same identifier (name{ques.2}) has been alre
ady used, duplicate ignored
<to be read again> 
                   \relax 
l.1197 \begin{qu}
                  Repr√©sentez sur un m√™me graphique les deux s√©ries √©tud...
pdfTeX warning (ext4): destination with the same identifier (name{ques.3}) has 
been already used, duplicate ignored
<to be read again> 
                   \relax 
l.1199 \begin{qu}
                  Quelle est l'√©tendue des deux s√©ries √©tudi√©es ?pdfTeX war
ning (ext4): destination with the same identifier (name{ques.4}) has been alrea
dy used, duplicate ignored
<to be read again> 
                   \relax 
l.1201 \begin{qu}
                  Calculez la moyenne en fran√ßais et en maths.pdfTeX warning (
ext4): destination with the same identifier (name{ques.5}) has been already use
d, duplicate ignored
<to be read again> 
                   \relax 
l.1203 \begin{qu}
                  D√©terminez les m√©dianes des deux s√©ries.pdfTeX warning (ex
t4): destination with the same identifier (name{ques.6}) has been already used,
 duplicate ignored
<to be read again> 
                   \relax 
l.1205 \begin{qu}
                  Quelles conclusions peut-on donner √† la comparaison ?pdfTeX 
warning (ext4): destination with the same identifier (name{EXO.7}) has been alr
eady used, duplicate ignored
<to be read again> 
                   \relax 
l.1209 \begin{EX}
                  Dans un lyc√©e, le devoir commun de seconde en math√©matiq...

Overfull \hbox (44.52074pt too wide) in paragraph at lines 1211--1220
 [] 
 []

[20 <./9ex5.png>]
Underfull \hbox (badness 10000) in paragraph at lines 1221--1222

 []

pdfTeX warning (ext4): destination with the same identifier (name{EXO.8}) has b
een already used, duplicate ignored
<to be read again> 
                   \relax 
l.1226 \begin{EX}
                  Dans un groupe d'adolescents, la taille moyenne des gar√ßo...
pdfTeX warning (ext4): destination with the same identifier (name{ques.1}) has 
been already used, duplicate ignored
<to be read again> 
                   \relax 
l.1227 \begin{qu}
                  Peut-on calculer avec ces donn√©es seules la taille moyenn...
pdfTeX warning (ext4): destination with the same identifier (name{ques.2}) has 
been already used, duplicate ignored
<to be read again> 
                   \relax 
l.1229 \begin{qu}
                  Le groupe comporte 52 adolescents dont 31 filles. Calculer...
pdfTeX warning (ext4): destination with the same identifier (name{EXO.9}) has b
een already used, duplicate ignored
<to be read again> 
                   \relax 
l.1233 \begin{EX}
                  Dans une entreprise A, le salaire moyen mensuel des hommes...
[21]
Underfull \hbox (badness 10000) in paragraph at lines 1250--1251

 []


Underfull \hbox (badness 10000) in paragraph at lines 1265--1266

 []


Overfull \hbox (20.35384pt too wide) in paragraph at lines 1290--1299
 [] 
 []

[22]
Overfull \hbox (341.19739pt too wide) in paragraph at lines 1328--1334
$[]$ $[]$ 
 []

pdfTeX warning (ext4): destination with the same identifier (name{EXO.1}) has b
een already used, duplicate ignored
<to be read again> 
                   \relax 
l.1338 \begin{EX}
                 
<10ex3.png, id=273, 981.6675pt x 511.31026pt>
File: 10ex3.png Graphic file (type png)
<use 10ex3.png>
Package pdftex.def Info: 10ex3.png  used on input line 1341.
(pdftex.def)             Requested size: 341.43306pt x 177.83778pt.
pdfTeX warning (ext4): destination with the same identifier (name{EXO.2}) has b
een already used, duplicate ignored
<to be read again> 
                   \relax 
l.1345 \begin{EX}
                 
LaTeX Font Info:    External font `lmex10' loaded for size
(Font)              <9> on input line 1346.
pdfTeX warning (ext4): destination with the same identifier (name{EXO.3}) has b
een already used, duplicate ignored
<to be read again> 
                   \relax 
l.1350 \begin{EX}
                 pdfTeX warning (ext4): destination with the same identifier (n
ame{EXO.4}) has been already used, duplicate ignored
<to be read again> 
                   \relax 
l.1358 \begin{EX}
                 
File: 10ex1.png Graphic file (type png)
<use 10ex1.png>
Package pdftex.def Info: 10ex1.png  used on input line 1377.
(pdftex.def)             Requested size: 142.26378pt x 126.11157pt.

Overfull \hbox (15.0pt too wide) in paragraph at lines 1377--1378
[][] 
 []

pdfTeX warning (ext4): destination with the same identifier (name{EXO.5}) has b
een already used, duplicate ignored
<to be read again> 
                   \relax 
l.1381 \begin{EX}
                 \renewcommand{\tabularxcolumn}[1]{b{#1}}
File: 10ex2.png Graphic file (type png)
<use 10ex2.png>
Package pdftex.def Info: 10ex2.png  used on input line 1394.
(pdftex.def)             Requested size: 170.71652pt x 148.83852pt.

Overfull \hbox (15.0pt too wide) in paragraph at lines 1394--1395
[][] 
 []

[23 <./10ex3.PNG> <./10ex1.PNG> <./10ex2.PNG>]
Overfull \hbox (341.19739pt too wide) in paragraph at lines 1399--1405
$[]$ $[]$ 
 []

pdfTeX warning (ext4): destination with the same identifier (name{EXO.1}) has b
een already used, duplicate ignored
<to be read again> 
                   \relax 
l.1409 \begin{EX}
                 pdfTeX warning (ext4): destination with the same identifier (n
ame{EXO.2}) has been already used, duplicate ignored
<to be read again> 
                   \relax 
l.1418 \begin{EX}
                  Soient deux points $A(4\,;\,-1)$ et $B(-3\,;\,5)$.pdfTeX warn
ing (ext4): destination with the same identifier (name{EXO.3}) has been already
 used, duplicate ignored
<to be read again> 
                   \relax 
l.1427 \begin{EX}
                 pdfTeX warning (ext4): destination with the same identifier (n
ame{EXO.4}) has been already used, duplicate ignored
<to be read again> 
                   \relax 
l.1440 \begin{EX}
                  D√©terminer le ou les points d'intersection des droites su...
pdfTeX warning (ext4): destination with the same identifier (name{EXO.5}) has b
een already used, duplicate ignored
<to be read again> 
                   \relax 
l.1444 \begin{EX}
                  D√©terminer le ou les points d'intersection des droites su...
pdfTeX warning (ext4): destination with the same identifier (name{EXO.6}) has b
een already used, duplicate ignored
<to be read again> 
                   \relax 
l.1448 \begin{EX}
                  D√©terminer le ou les points d'intersection des droites su...
pdfTeX warning (ext4): destination with the same identifier (name{EXO.7}) has b
een already used, duplicate ignored
<to be read again> 
                   \relax 
l.1452 \begin{EX}
                  On consid√®re la droite $(d)$ d'√©quation r√©duite : [24]
Overfull \hbox (341.19739pt too wide) in paragraph at lines 1466--1472
$[]$ $[]$ 
 []

pdfTeX warning (ext4): destination with the same identifier (name{EXO.1}) has b
een already used, duplicate ignored
<to be read again> 
                   \relax 
l.1476 \begin{EX}
                 pdfTeX warning (ext4): destination with the same identifier (n
ame{EXO.2}) has been already used, duplicate ignored
<to be read again> 
                   \relax 
l.1485 \begin{EX}
                  Soient deux points $A(7\,;\,-3)$ et $B(4\,;\,1)$.pdfTeX warni
ng (ext4): destination with the same identifier (name{EXO.3}) has been already 
used, duplicate ignored
<to be read again> 
                   \relax 
l.1494 \begin{EX}
                  [25]
Overfull \hbox (341.19739pt too wide) in paragraph at lines 1513--1519
$[]$ $[]$ 
 []

pdfTeX warning (ext4): destination with the same identifier (name{EXO.1}) has b
een already used, duplicate ignored
<to be read again> 
                   \relax 
l.1522 \begin{EX}
                 
Underfull \hbox (badness 2205) in paragraph at lines 1531--1531
[]|\T1/lmr/m/n/12 Ne pra-tique pas de
 []

pdfTeX warning (ext4): destination with the same identifier (name{ques.1}) has 
been already used, duplicate ignored
<to be read again> 
                   \relax 
l.1536 \begin{qu}
                  Quelle est la probabilit√© ... \begin{itemize} \item que c...
pdfTeX warning (ext4): destination with the same identifier (name{ques.2}) has 
been already used, duplicate ignored
<to be read again> 
                   \relax 
l.1538 \begin{qu}
                  On choisit un touriste parmi les femmes. Quelle est la pro...
pdfTeX warning (ext4): destination with the same identifier (name{EXO.2}) has b
een already used, duplicate ignored
<to be read again> 
                   \relax 
l.1541 \begin{EX}
                 pdfTeX warning (ext4): destination with the same identifier (n
ame{ques.1}) has been already used, duplicate ignored
<to be read again> 
                   \relax 
l.1550 \begin{qu}
                 pdfTeX warning (ext4): destination with the same identifier (n
ame{ques.2}) has been already used, duplicate ignored
<to be read again> 
                   \relax 
l.1570 \begin{qu}
                 pdfTeX warning (ext4): destination with the same identifier (n
ame{EXO.3}) has been already used, duplicate ignored
<to be read again> 
                   \relax 
l.1580 \begin{EX}
                 pdfTeX warning (ext4): destination with the same identifier (n
ame{ques.1}) has been already used, duplicate ignored
<to be read again> 
                   \relax 
l.1584 \begin{qu}
                  Dressez un arbre de probabilit√© repr√©sentant toutes les ...
pdfTeX warning (ext4): destination with the same identifier (name{ques.2}) has 
been already used, duplicate ignored
<to be read again> 
                   \relax 
l.1587 \begin{qu}
                  On consid√®re l'√©v√©nement A:\og Il porte une chemise et ...
pdfTeX warning (ext4): destination with the same identifier (name{ques.3}) has 
been already used, duplicate ignored
<to be read again> 
                   \relax 
l.1590 \begin{qu}
                  On consid√®re l'√©v√©nement B :\og Il porte du noir \fg. Q...
[26]pdfTeX warning (ext4): destination with the same identifier (name{ques.4}) 
has been already used, duplicate ignored
<to be read again> 
                   \relax 
l.1593 \begin{qu}
                  \'Enoncez l'√©v√©nement contraire $\bar B$ puis calculez s...
pdfTeX warning (ext4): destination with the same identifier (name{ques.5}) has 
been already used, duplicate ignored
<to be read again> 
                   \relax 
l.1596 \begin{qu}
                  \'Enoncez un √©v√©nement C dont la probabilit√© est $p(C)=...
pdfTeX warning (ext4): destination with the same identifier (name{EXO.4}) has b
een already used, duplicate ignored
<to be read again> 
                   \relax 
l.1600 \begin{EX}
                 pdfTeX warning (ext4): destination with the same identifier (n
ame{ques.1}) has been already used, duplicate ignored
<to be read again> 
                   \relax 
l.1602 \begin{qu}
                  Soit l'√©v√©nement J: \og la personne a moins de $20$ ans\...
pdfTeX warning (ext4): destination with the same identifier (name{ques.2}) has 
been already used, duplicate ignored
<to be read again> 
                   \relax 
l.1604 \begin{qu}
                  Reproduire et compl√©ter le tableau crois√© suivant :
Overfull \hbox (21.54718pt too wide) in paragraph at lines 1606--1617
 [] 
 []

pdfTeX warning (ext4): destination with the same identifier (name{ques.3}) has 
been already used, duplicate ignored
<to be read again> 
                   \relax 
l.1619 \begin{qu}
                  Soit l‚Äô√©v√©nement R : ¬´ La personne n‚Äôaime pas le ra...
pdfTeX warning (ext4): destination with the same identifier (name{ques.4}) has 
been already used, duplicate ignored
<to be read again> 
                   \relax 
l.1622 \begin{qu}
                 pdfTeX warning (ext4): destination with the same identifier (n
ame{EXO.5}) has been already used, duplicate ignored
<to be read again> 
                   \relax 
l.1629 \begin{EX}
                 pdfTeX warning (ext4): destination with the same identifier (n
ame{ques.1}) has been already used, duplicate ignored
<to be read again> 
                   \relax 
l.1632 \begin{qu}
                 
Overfull \hbox (21.54718pt too wide) in paragraph at lines 1635--1646
 [] 
 []

pdfTeX warning (ext4): destination with the same identifier (name{ques.2}) has 
been already used, duplicate ignored
<to be read again> 
                   \relax 
l.1648 \begin{qu}
                  On pr√©l√®ve au hasard un outil dans le lot des 500 outils...
pdfTeX warning (ext4): destination with the same identifier (name{ques.3}) has 
been already used, duplicate ignored
<to be read again> 
                   \relax 
l.1653 \begin{qu}
                  On pr√©l√®ve au hasard un outil parmi ceux qui pr√©sentent...
pdfTeX warning (ext4): destination with the same identifier (name{EXO.6}) has b
een already used, duplicate ignored
<to be read again> 
                   \relax 
l.1657 \begin{EX}
                 pdfTeX warning (ext4): destination with the same identifier (n
ame{ques.1}) has been already used, duplicate ignored
<to be read again> 
                   \relax 
l.1662 \begin{qu}
                   R√©aliser un arbre pour mod√©liser cette exp√©rience al√©...
pdfTeX warning (ext4): destination with the same identifier (name{ques.2}) has 
been already used, duplicate ignored
<to be read again> 
                   \relax 
l.1664 \begin{qu}
                 Calculer les probabilit√©s des √©v√©nements suivants : \\
[27]pdfTeX warning (ext4): destination with the same identifier (name{EXO.7}) h
as been already used, duplicate ignored
<to be read again> 
                   \relax 
l.1670 \begin{EX}
                 		pdfTeX warning (ext4): destination with the same identifier 
(name{ques.1}) has been already used, duplicate ignored
<to be read again> 
                   \relax 
l.1675 \begin{qu}
                  Calculer $p(A)$ et $p(B)$.pdfTeX warning (ext4): destination 
with the same identifier (name{ques.2}) has been already used, duplicate ignore
d
<to be read again> 
                   \relax 
l.1677 \begin{qu}
                  D√©finir, √† l‚Äôaide d‚Äôune phrase en fran√ßais, l‚Äô√©v...
pdfTeX warning (ext4): destination with the same identifier (name{ques.3}) has 
been already used, duplicate ignored
<to be read again> 
                   \relax 
l.1679 \begin{qu}
                  Soit $C$ d√©fini par : ¬´ La carte obtenue est un carreau ...
pdfTeX warning (ext4): destination with the same identifier (name{EXO.8}) has b
een already used, duplicate ignored
<to be read again> 
                   \relax 
l.1684 \begin{EX}
                 
Underfull \hbox (badness 10000) in paragraph at lines 1686--1687

 []

pdfTeX warning (ext4): destination with the same identifier (name{EXO.9}) has b
een already used, duplicate ignored
<to be read again> 
                   \relax 
l.1693 \begin{EX}
                 
Overfull \hbox (10.37271pt too wide) in paragraph at lines 1704--1704
[]|\T1/lmr/m/n/12 ProbabilitÈs| 
 []

pdfTeX warning (ext4): destination with the same identifier (name{ques.1}) has 
been already used, duplicate ignored
<to be read again> 
                   \relax 
l.1709 \begin{qu}
                 Soit A l‚Äô√©v√©nement : ¬´obtenir un nombre sup√©rieur √† ...
pdfTeX warning (ext4): destination with the same identifier (name{ques.2}) has 
been already used, duplicate ignored
<to be read again> 
                   \relax 
l.1712 \begin{qu}
                  Soit l‚Äô√©v√©nement B : ¬´obtenir un nombre pair¬ª.pdfTeX wa
rning (ext4): destination with the same identifier (name{ques.3}) has been alre
ady used, duplicate ignored
<to be read again> 
                   \relax 
l.1715 \begin{qu}
                  \begin{description}pdfTeX warning (ext4): destination with th
e same identifier (name{EXO.10}) has been already used, duplicate ignored
<to be read again> 
                   \relax 
l.1722 \begin{EX}
                 pdfTeX warning (ext4): destination with the same identifier (n
ame{EXO.11}) has been already used, duplicate ignored
<to be read again> 
                   \relax 
l.1728 \begin{EX}
                 
Underfull \hbox (badness 10000) in paragraph at lines 1729--1730

 []

[28]pdfTeX warning (ext4): destination with the same identifier (name{ques.1}) 
has been already used, duplicate ignored
<to be read again> 
                   \relax 
l.1732 \begin{qu}
                  Contruire un arbre de probabilit√© complet.pdfTeX warning (ex
t4): destination with the same identifier (name{ques.2}) has been already used,
 duplicate ignored
<to be read again> 
                   \relax 
l.1734 \begin{qu}
                  Donner la probabilit√© que la pi√®ce tir√©e soit ... \begi...
pdfTeX warning (ext4): destination with the same identifier (name{ques.3}) has 
been already used, duplicate ignored
<to be read again> 
                   \relax 
l.1740 \begin{qu}
                  En d√©duire la probabilit√© que la pi√®ce prelev√©e ait su...
pdfTeX warning (ext4): destination with the same identifier (name{EXO.12}) has 
been already used, duplicate ignored
<to be read again> 
                   \relax 
l.1744 \begin{EX}
                 pdfTeX warning (ext4): destination with the same identifier (n
ame{ques.1}) has been already used, duplicate ignored
<to be read again> 
                   \relax 
l.1750 \begin{qu}
                  Quelle est la probabilit√© que le nom comporte strictement...
pdfTeX warning (ext4): destination with the same identifier (name{ques.2}) has 
been already used, duplicate ignored
<to be read again> 
                   \relax 
l.1752 \begin{qu}
                  Quelle est la probabilit√© que le nom ne comporte pas la l...
[29]
Overfull \hbox (341.19739pt too wide) in paragraph at lines 1759--1765
$[]$ $[]$ 
 []

pdfTeX warning (ext4): destination with the same identifier (name{EXO.1}) has b
een already used, duplicate ignored
<to be read again> 
                   \relax 
l.1769 \begin{EX}
                 pdfTeX warning (ext4): destination with the same identifier (n
ame{ques.1}) has been already used, duplicate ignored
<to be read again> 
                   \relax 
l.1771 \begin{qu}
                  Montrez que la fr√©quence d'apparition de pile est √©gale ...
pdfTeX warning (ext4): destination with the same identifier (name{ques.2}) has 
been already used, duplicate ignored
<to be read again> 
                   \relax 
l.1774 \begin{qu}
                  En utilisant les intervalles de confiance, expliquez que l...
pdfTeX warning (ext4): destination with the same identifier (name{EXO.2}) has b
een already used, duplicate ignored
<to be read again> 
                   \relax 
l.1778 \begin{EX}
                 pdfTeX warning (ext4): destination with the same identifier (n
ame{ques.1}) has been already used, duplicate ignored
<to be read again> 
                   \relax 
l.1780 \begin{qu}
                  Je fais l'hypoth√®se qu'il y a une proportion p de brochet...
pdfTeX warning (ext4): destination with the same identifier (name{ques.2}) has 
been already used, duplicate ignored
<to be read again> 
                   \relax 
l.1785 \begin{qu}
                  Indiquer l'ensemble des valeurs de $p$ qui pourraient √™tr...
pdfTeX warning (ext4): destination with the same identifier (name{EXO.3}) has b
een already used, duplicate ignored
<to be read again> 
                   \relax 
l.1789 \begin{EX}
                 Une entreprise annonce que le pourcentage de moteurs d√©fec...

Underfull \hbox (badness 10000) in paragraph at lines 1789--1790

 []

pdfTeX warning (ext4): destination with the same identifier (name{EXO.4}) has b
een already used, duplicate ignored
<to be read again> 
                   \relax 
l.1795 \begin{EX}
                 pdfTeX warning (ext4): destination with the same identifier (n
ame{EXO.5}) has been already used, duplicate ignored
<to be read again> 
                   \relax 
l.1801 \begin{EX}
                 pdfTeX warning (ext4): destination with the same identifier (n
ame{ques.1}) has been already used, duplicate ignored
<to be read again> 
                   \relax 
l.1813 \begin{qu}
                  D√©terminer, pour chaque candidat, l'intervalle de confian...
pdfTeX warning (ext4): destination with the same identifier (name{ques.2}) has 
been already used, duplicate ignored
<to be read again> 
                   \relax 
l.1815 \begin{qu}
                  Le 21 avril, les r√©sultats du premier tout des √©lections...
[30]pdfTeX warning (ext4): destination with the same identifier (name{ques.3}) 
has been already used, duplicate ignored
<to be read again> 
                   \relax 
l.1821 \begin{qu}
                  Pouvait-on, au vu de ce sondage, √©carter l'un des trois c...
[31] (./exercices_2nde_fanny.aux)
Package rerunfilecheck Info: File `exercices_2nde_fanny.out' has not changed.
(rerunfilecheck)             Checksum: D41D8CD98F00B204E9800998ECF8427E;0.
 ) 
Here is how much of TeX's memory you used:
 11478 strings out of 479383
 162056 string characters out of 5875831
 537143 words of memory out of 5000000
 28115 multiletter control sequences out of 15000+600000
 476710 words of font info for 82 fonts, out of 8000000 for 9000
 1141 hyphenation exceptions out of 8191
 66i,22n,73p,503b,640s stack positions out of 5000i,500n,10000p,200000b,80000s
{/usr/share/texmf-dist/fonts/enc/dvips/lm/lm-mathsy.enc}{/usr/share/texmf-dis
t/fonts/enc/dvips/lm/lm-mathit.enc}{/usr/share/texmf-dist/fonts/enc/dvips/lm/lm
-rm.enc}{/usr/share/texmf-dist/fonts/enc/dvips/lm/lm-ec.enc}{/usr/share/texmf-d
ist/fonts/enc/dvips/lm/lm-mathex.enc}{/usr/share/texmf-dist/fonts/enc/dvips/lm/
lm-ts1.enc}</usr/share/texmf-dist/fonts/type1/public/amsfonts/latxfont/line10.p
fb></usr/share/texmf-dist/fonts/type1/public/lm/lmbx10.pfb></usr/share/texmf-di
st/fonts/type1/public/lm/lmbx12.pfb></usr/share/texmf-dist/fonts/type1/public/l
m/lmex10.pfb></usr/share/texmf-dist/fonts/type1/public/lm/lmmi10.pfb></usr/shar
e/texmf-dist/fonts/type1/public/lm/lmmi12.pfb></usr/share/texmf-dist/fonts/type
1/public/lm/lmmi7.pfb></usr/share/texmf-dist/fonts/type1/public/lm/lmmi8.pfb></
usr/share/texmf-dist/fonts/type1/public/lm/lmmi9.pfb></usr/share/texmf-dist/fon
ts/type1/public/lm/lmr10.pfb></usr/share/texmf-dist/fonts/type1/public/lm/lmr12
.pfb></usr/share/texmf-dist/fonts/type1/public/lm/lmr7.pfb></usr/share/texmf-di
st/fonts/type1/public/lm/lmr8.pfb></usr/share/texmf-dist/fonts/type1/public/lm/
lmr9.pfb></usr/share/texmf-dist/fonts/type1/public/lm/lmri10.pfb></usr/share/te
xmf-dist/fonts/type1/public/lm/lmri12.pfb></usr/share/texmf-dist/fonts/type1/pu
blic/lm/lmsy10.pfb></usr/share/texmf-dist/fonts/type1/public/lm/lmsy8.pfb></usr
/share/texmf-dist/fonts/type1/public/lm/lmsy9.pfb></usr/share/texmf-dist/fonts/
type1/public/marvosym/marvosym.pfb></usr/share/texmf-dist/fonts/type1/public/am
sfonts/symbols/msam10.pfb></usr/share/texmf-dist/fonts/type1/public/amsfonts/sy
mbols/msbm10.pfb>
Output written on exercices_2nde_fanny.pdf (31 pages, 926733 bytes).
PDF statistics:
 457 PDF objects out of 1000 (max. 8388607)
 363 compressed objects within 4 object streams
 173 named destinations out of 1000 (max. 500000)
 111 words of extra memory for PDF output out of 10000 (max. 10000000)

